[2021-05-04 06:05:14Z INFO Program] Version: 2.183.1
[2021-05-04 06:05:14Z INFO Program] Commit: b8617e6e12e82ae37ff5e54627392087788f6561
[2021-05-04 06:05:14Z INFO Program] Culture: zh-CN
[2021-05-04 06:05:14Z INFO Program] UI Culture: en-US
[2021-05-04 06:05:14Z INFO HostContext] Well known directory 'Bin': 'C:\agent-yifhe\bin'
[2021-05-04 06:05:14Z INFO HostContext] Well known directory 'Root': 'C:\agent-yifhe'
[2021-05-04 06:05:14Z INFO HostContext] Well known config file 'Proxy': 'C:\agent-yifhe\.proxy'
[2021-05-04 06:05:14Z INFO VstsAgentWebProxy] No proxy setting found.
[2021-05-04 06:05:14Z INFO HostContext] Well known directory 'Bin': 'C:\agent-yifhe\bin'
[2021-05-04 06:05:14Z INFO HostContext] Well known directory 'Root': 'C:\agent-yifhe'
[2021-05-04 06:05:14Z INFO HostContext] Well known config file 'Certificates': 'C:\agent-yifhe\.certificates'
[2021-05-04 06:05:14Z INFO AgentCertificateManager] No certificate setting found.
[2021-05-04 06:05:14Z INFO Worker] Waiting to receive the job message from the channel.
[2021-05-04 06:05:14Z INFO Worker] Message received.
[2021-05-04 06:05:15Z INFO Worker] Job message:
 {
  "mask": [
    {
      "type": "regex",
      "value": "***"
    },
    {
      "type": "regex",
      "value": "***"
    }
  ],
  "steps": [
    {
      "inputs": {
        "repository": "self"
      },
      "type": "task",
      "reference": {
        "id": "6d15af64-176c-496d-b583-fd2ae21d4df4",
        "name": "Checkout",
        "version": "1.0.0"
      },
      "id": "58fb4804-fac1-51d0-79a2-1482e5a44edd",
      "name": "Checkout",
      "displayName": "Checkout"
    },
    {
      "type": "task",
      "reference": {
        "id": "ae214784-0f5e-451f-b615-042bce65d833",
        "name": "nuget-security-analysis",
        "version": "0.2.40"
      },
      "condition": "succeeded()",
      "timeoutInMinutes": 1,
      "id": "ca96174d-5a9e-541f-1928-4173da2a5ef9",
      "name": "__system_postcheckout_1",
      "displayName": "Nuget Security Analysis (auto-injected by policy)"
    },
    {
      "inputs": {
        "targetType": "inline",
        "script": "Start-Sleep 90"
      },
      "type": "task",
      "reference": {
        "id": "e213ff0f-5d5c-4791-802d-52ea3e7be1f1",
        "name": "PowerShell",
        "version": "2.180.1"
      },
      "id": "a448a752-6df5-5244-b6df-3dbc49c36d94",
      "name": "PowerShell",
      "displayName": "PowerShell"
    },
    {
      "inputs": {
        "sourceScanPath": "$(Agent.BuildDirectory)",
        "autoInjected": "true"
      },
      "type": "task",
      "reference": {
        "id": "f2f0881f-4b99-4a1c-80ea-f5b13fd6cec4",
        "name": "ComponentGovernanceComponentDetection",
        "version": "0.2120428.1"
      },
      "condition": "and(succeeded(), ne(variables['CG_RAN'], 'true'))",
      "continueOnError": true,
      "timeoutInMinutes": 8,
      "id": "66356eac-5cd5-5cae-4351-a3c57b450eb6",
      "name": "__system_post_1",
      "displayName": "Component Detection (auto-injected by policy)"
    }
  ],
  "variables": {
    "resources.triggeringCategory": {
      "value": ""
    },
    "resources.triggeringAlias": {
      "value": ""
    },
    "system": {
      "value": "build",
      "isReadOnly": true
    },
    "system.hosttype": {
      "value": "build",
      "isReadOnly": true
    },
    "system.servertype": {
      "value": "Hosted",
      "isReadOnly": true
    },
    "system.culture": {
      "value": "en-US",
      "isReadOnly": true
    },
    "system.collectionId": {
      "value": "1185492a-3d2f-4555-aeca-5946c9e7a24e",
      "isReadOnly": true
    },
    "system.collectionUri": {
      "value": "https://dev.azure.com/v-yifhe/",
      "isReadOnly": true
    },
    "system.teamFoundationCollectionUri": {
      "value": "https://dev.azure.com/v-yifhe/",
      "isReadOnly": true
    },
    "system.taskDefinitionsUri": {
      "value": "https://dev.azure.com/v-yifhe/",
      "isReadOnly": true
    },
    "system.pipelineStartTime": {
      "value": "2021-05-04 06:05:04+00:00",
      "isReadOnly": true
    },
    "system.teamProject": {
      "value": "job",
      "isReadOnly": true
    },
    "system.teamProjectId": {
      "value": "519f668a-dcf9-43dc-ab7c-fac363afd471",
      "isReadOnly": true
    },
    "system.definitionId": {
      "value": "102",
      "isReadOnly": true
    },
    "build.definitionName": {
      "value": "job",
      "isReadOnly": true
    },
    "build.definitionVersion": {
      "value": "1",
      "isReadOnly": true
    },
    "build.queuedBy": {
      "value": "[PII]",
      "isReadOnly": true
    },
    "build.queuedById": {
      "value": "4e3e3db7-95e7-6b12-b047-ee50e23704d9",
      "isReadOnly": true
    },
    "build.requestedFor": {
      "value": "[PII]",
      "isReadOnly": true
    },
    "build.requestedForId": {
      "value": "4e3e3db7-95e7-6b12-b047-ee50e23704d9",
      "isReadOnly": true
    },
    "build.requestedForEmail": {
      "value": "[PII]",
      "isReadOnly": true
    },
    "build.sourceVersionMessage": {
      "value": "Set up CI with Azure Pipelines",
      "isReadOnly": true
    },
    "build.sourceVersion": {
      "value": "[PII]",
      "isReadOnly": true
    },
    "build.sourceBranch": {
      "value": "[PII]",
      "isReadOnly": true
    },
    "build.sourceBranchName": {
      "value": "[PII]",
      "isReadOnly": true
    },
    "build.reason": {
      "value": "IndividualCI",
      "isReadOnly": true
    },
    "system.pullRequest.isFork": {
      "value": "False",
      "isReadOnly": true
    },
    "system.jobParallelismTag": {
      "value": "Private",
      "isReadOnly": true
    },
    "system.enableAccessToken": {
      "value": "SecretVariable",
      "isReadOnly": true
    },
    "MSDEPLOY_HTTP_USER_AGENT": {
      "value": "VSTS_1185492a-3d2f-4555-aeca-5946c9e7a24e_build_102_0",
      "isReadOnly": true
    },
    "AZURE_HTTP_USER_AGENT": {
      "value": "VSTS_1185492a-3d2f-4555-aeca-5946c9e7a24e_build_102_0",
      "isReadOnly": true
    },
    "build.buildId": {
      "value": "399",
      "isReadOnly": true
    },
    "build.buildUri": {
      "value": "vstfs:///Build/Build/399",
      "isReadOnly": true
    },
    "build.buildNumber": {
      "value": "20210504.1",
      "isReadOnly": true
    },
    "build.containerId": {
      "value": "14459797",
      "isReadOnly": true
    },
    "system.isScheduled": {
      "value": "False",
      "isReadOnly": true
    },
    "system.definitionName": {
      "value": "job",
      "isReadOnly": true
    },
    "system.planId": {
      "value": "bcaa4bf5-2f65-42ad-bc93-cb2ed974d712",
      "isReadOnly": true
    },
    "system.timelineId": {
      "value": "bcaa4bf5-2f65-42ad-bc93-cb2ed974d712",
      "isReadOnly": true
    },
    "system.stageDisplayName": {
      "value": "__default",
      "isReadOnly": true
    },
    "system.stageId": {
      "value": "96ac2280-8cb4-5df5-99de-dd2da759617d",
      "isReadOnly": true
    },
    "system.stageName": {
      "value": "__default",
      "isReadOnly": true
    },
    "system.stageAttempt": {
      "value": "1",
      "isReadOnly": true
    },
    "system.phaseDisplayName": {
      "value": "C",
      "isReadOnly": true
    },
    "system.phaseId": {
      "value": "b6c524bd-a506-5161-4caa-c7944076345e",
      "isReadOnly": true
    },
    "system.phaseName": {
      "value": "C",
      "isReadOnly": true
    },
    "system.phaseAttempt": {
      "value": "1",
      "isReadOnly": true
    },
    "system.jobIdentifier": {
      "value": "C.__default",
      "isReadOnly": true
    },
    "system.jobAttempt": {
      "value": "1",
      "isReadOnly": true
    },
    "System.JobPositionInPhase": {
      "value": "1",
      "isReadOnly": true
    },
    "System.TotalJobsInPhase": {
      "value": "1",
      "isReadOnly": true
    },
    "system.jobDisplayName": {
      "value": "C",
      "isReadOnly": true
    },
    "system.jobId": {
      "value": "b27281e0-9d9e-59ce-ff74-fa59e0838494",
      "isReadOnly": true
    },
    "system.jobName": {
      "value": "__default",
      "isReadOnly": true
    },
    "system.jobTimeout": {
      "value": "60",
      "isReadOnly": true
    },
    "system.accessToken": {
      "value": ***,
      "isSecret": true
    },
    "agent.retainDefaultEncoding": {
      "value": "false",
      "isReadOnly": true
    },
    "agent.LogToBlobstorageService": {
      "value": "true",
      "isReadOnly": true
    },
    "agent.readOnlyVariables": {
      "value": "true",
      "isReadOnly": true
    },
    "agent.useWorkspaceId": {
      "value": "true",
      "isReadOnly": true
    },
    "agent.taskRestrictionsEnforcementMode": {
      "value": "WarningOnly",
      "isReadOnly": true
    },
    "agent.enableTaskRestrictionsTelemetry": {
      "value": "true",
      "isReadOnly": true
    },
    "agent.disablelogplugin.TestResultLogPlugin": {
      "value": "true",
      "isReadOnly": true
    },
    "agent.disablelogplugin.TestFilePublisherPlugin": {
      "value": "true",
      "isReadOnly": true
    },
    "build.repository.id": {
      "value": "29835cee-dd30-4174-b7d2-62675076c11d",
      "isReadOnly": true
    },
    "build.repository.name": {
      "value": "job",
      "isReadOnly": true
    },
    "build.repository.uri": {
      "value": "https://v-yifhe@dev.azure.com/v-yifhe/job/_git/job",
      "isReadOnly": true
    },
    "build.sourceVersionAuthor": {
      "value": "[PII]",
      "isReadOnly": true
    }
  },
  "messageType": "PipelineAgentJobRequest",
  "plan": {
    "scopeIdentifier": "519f668a-dcf9-43dc-ab7c-fac363afd471",
    "planType": "Build",
    "version": 17,
    "planId": "bcaa4bf5-2f65-42ad-bc93-cb2ed974d712",
    "planGroup": "Build:519f668a-dcf9-43dc-ab7c-fac363afd471:399",
    "artifactUri": "vstfs:///Build/Build/399",
    "artifactLocation": null,
    "definition": {
      "_links": {
        "web": {
          "href": "https://dev.azure.com/v-yifhe/519f668a-dcf9-43dc-ab7c-fac363afd471/_build/definition?definitionId=102"
        },
        "self": {
          "href": "https://dev.azure.com/v-yifhe/519f668a-dcf9-43dc-ab7c-fac363afd471/_apis/build/Definitions/102"
        }
      },
      "id": 102,
      "name": "job"
    },
    "owner": {
      "_links": {
        "web": {
          "href": "https://dev.azure.com/v-yifhe/519f668a-dcf9-43dc-ab7c-fac363afd471/_build/results?buildId=399"
        },
        "self": {
          "href": "https://dev.azure.com/v-yifhe/519f668a-dcf9-43dc-ab7c-fac363afd471/_apis/build/Builds/399"
        }
      },
      "id": 399,
      "name": "20210504.1"
    }
  },
  "timeline": {
    "id": "bcaa4bf5-2f65-42ad-bc93-cb2ed974d712",
    "changeId": 14,
    "location": null
  },
  "jobId": "b27281e0-9d9e-59ce-ff74-fa59e0838494",
  "jobDisplayName": "C",
  "jobName": "__default",
  "jobContainer": null,
  "requestId": 0,
  "lockedUntil": "0001-01-01T00:00:00",
  "resources": {
    "endpoints": [
      {
        "data": {
          "ServerId": "1185492a-3d2f-4555-aeca-5946c9e7a24e",
          "ServerName": "v-yifhe"
        },
        "name": "SystemVssConnection",
        "url": "https://dev.azure.com/v-yifhe/",
        "authorization": {
          "parameters": {
            "AccessToken": ***
          },
          "scheme": "OAuth"
        },
        "isShared": false,
        "isReady": true
      }
    ],
    "repositories": [
      {
        "properties": {
          "id": "29835cee-dd30-4174-b7d2-62675076c11d",
          "type": "Git",
          "version": "952f36a51f9fceac41733c500b537618695c1c47",
          "name": "job",
          "project": "519f668a-dcf9-43dc-ab7c-fac363afd471",
          "defaultBranch": "refs/heads/main",
          "ref": "refs/heads/main",
          "url": "https://v-yifhe@dev.azure.com/v-yifhe/job/_git/job",
          "versionInfo": {
            "author": "[PII]"
          },
          "checkoutOptions": {}
        },
        "alias": "self",
        "endpoint": {
          "name": "SystemVssConnection"
        }
      }
    ]
  },
  "workspace": {}
}
[2021-05-04 06:05:15Z INFO JobRunner] Job ID b27281e0-9d9e-59ce-ff74-fa59e0838494
[2021-05-04 06:05:15Z INFO JobRunner] Creating job server with URL: https://dev.azure.com/v-yifhe/
[2021-05-04 06:05:15Z INFO VisualStudioServices] Starting operation Location.GetConnectionData
[2021-05-04 06:05:15Z INFO Worker] Listening for cancel message from the channel.
[2021-05-04 06:05:15Z INFO Worker] Waiting for the job to complete or for a cancel message from the channel.
[2021-05-04 06:05:16Z INFO VisualStudioServices] Finished operation Location.GetConnectionData
[2021-05-04 06:05:16Z INFO JobServerQueue] Start process web console line queue.
[2021-05-04 06:05:16Z INFO JobServerQueue] Start process file upload queue.
[2021-05-04 06:05:16Z INFO JobServerQueue] Start process timeline update queue.
[2021-05-04 06:05:16Z INFO ConfigurationStore] currentAssemblyLocation: C:\agent-yifhe\bin\Agent.Worker.dll
[2021-05-04 06:05:16Z INFO HostContext] Well known directory 'Bin': 'C:\agent-yifhe\bin'
[2021-05-04 06:05:16Z INFO ConfigurationStore] binPath: C:\agent-yifhe\bin
[2021-05-04 06:05:16Z INFO HostContext] Well known directory 'Bin': 'C:\agent-yifhe\bin'
[2021-05-04 06:05:16Z INFO HostContext] Well known directory 'Root': 'C:\agent-yifhe'
[2021-05-04 06:05:16Z INFO ConfigurationStore] RootFolder: C:\agent-yifhe
[2021-05-04 06:05:16Z INFO HostContext] Well known directory 'Bin': 'C:\agent-yifhe\bin'
[2021-05-04 06:05:16Z INFO HostContext] Well known directory 'Root': 'C:\agent-yifhe'
[2021-05-04 06:05:16Z INFO HostContext] Well known config file 'Agent': 'C:\agent-yifhe\.agent'
[2021-05-04 06:05:16Z INFO ConfigurationStore] ConfigFilePath: C:\agent-yifhe\.agent
[2021-05-04 06:05:16Z INFO HostContext] Well known directory 'Bin': 'C:\agent-yifhe\bin'
[2021-05-04 06:05:16Z INFO HostContext] Well known directory 'Root': 'C:\agent-yifhe'
[2021-05-04 06:05:16Z INFO HostContext] Well known config file 'Credentials': 'C:\agent-yifhe\.credentials'
[2021-05-04 06:05:16Z INFO ConfigurationStore] CredFilePath: C:\agent-yifhe\.credentials
[2021-05-04 06:05:16Z INFO HostContext] Well known directory 'Bin': 'C:\agent-yifhe\bin'
[2021-05-04 06:05:16Z INFO HostContext] Well known directory 'Root': 'C:\agent-yifhe'
[2021-05-04 06:05:16Z INFO HostContext] Well known config file 'Service': 'C:\agent-yifhe\.service'
[2021-05-04 06:05:16Z INFO ConfigurationStore] ServiceConfigFilePath: C:\agent-yifhe\.service
[2021-05-04 06:05:16Z INFO HostContext] Well known directory 'Bin': 'C:\agent-yifhe\bin'
[2021-05-04 06:05:16Z INFO HostContext] Well known directory 'Root': 'C:\agent-yifhe'
[2021-05-04 06:05:16Z INFO HostContext] Well known config file 'Autologon': 'C:\agent-yifhe\.autologon'
[2021-05-04 06:05:16Z INFO ConfigurationStore] AutoLogonSettingsFilePath: C:\agent-yifhe\.autologon
[2021-05-04 06:05:16Z INFO HostContext] Well known directory 'Bin': 'C:\agent-yifhe\bin'
[2021-05-04 06:05:16Z INFO HostContext] Well known directory 'Root': 'C:\agent-yifhe'
[2021-05-04 06:05:16Z INFO HostContext] Well known config file 'Options': 'C:\agent-yifhe\.options'
[2021-05-04 06:05:16Z INFO ConfigurationStore] RuntimeOptionsFilePath: C:\agent-yifhe\.options
[2021-05-04 06:05:16Z INFO HostContext] Well known directory 'Bin': 'C:\agent-yifhe\bin'
[2021-05-04 06:05:16Z INFO HostContext] Well known directory 'Root': 'C:\agent-yifhe'
[2021-05-04 06:05:16Z INFO HostContext] Well known config file 'SetupInfo': 'C:\agent-yifhe\.setup_info'
[2021-05-04 06:05:16Z INFO ConfigurationStore] SetupInfoFilePath: C:\agent-yifhe\.setup_info
[2021-05-04 06:05:16Z INFO ConfigurationStore] Read setting file: 165 chars
[2021-05-04 06:05:16Z INFO ExecutionContext] WorkspaceIdentifier '3e59d173f5213695d58495e42b8f7d76607b6c53' created for repos Microsoft.VisualStudio.Services.Agent.Worker.Build.RepositoryTrackingInfo
[2021-05-04 06:05:16Z INFO HostContext] Well known directory 'Bin': 'C:\agent-yifhe\bin'
[2021-05-04 06:05:16Z INFO HostContext] Well known directory 'Root': 'C:\agent-yifhe'
[2021-05-04 06:05:16Z INFO HostContext] Well known directory 'Diag': 'C:\agent-yifhe\_diag'
[2021-05-04 06:05:16Z INFO JobRunner] Starting the job execution context.
[2021-05-04 06:05:16Z INFO HostContext] Well known directory 'Bin': 'C:\agent-yifhe\bin'
[2021-05-04 06:05:16Z INFO HostContext] Well known directory 'Root': 'C:\agent-yifhe'
[2021-05-04 06:05:16Z INFO HostContext] Well known directory 'Work': 'C:\agent-yifhe\_work'
[2021-05-04 06:05:16Z INFO JobRunner] Validating directory permissions for: 'C:\agent-yifhe\_work'
[2021-05-04 06:05:16Z INFO HostContext] Well known directory 'Bin': 'C:\agent-yifhe\bin'
[2021-05-04 06:05:16Z INFO HostContext] Well known directory 'Root': 'C:\agent-yifhe'
[2021-05-04 06:05:16Z INFO HostContext] Well known directory 'Bin': 'C:\agent-yifhe\bin'
[2021-05-04 06:05:16Z INFO HostContext] Well known directory 'Root': 'C:\agent-yifhe'
[2021-05-04 06:05:16Z INFO HostContext] Well known directory 'Work': 'C:\agent-yifhe\_work'
[2021-05-04 06:05:16Z INFO HostContext] Well known directory 'Bin': 'C:\agent-yifhe\bin'
[2021-05-04 06:05:16Z INFO HostContext] Well known directory 'Root': 'C:\agent-yifhe'
[2021-05-04 06:05:16Z INFO HostContext] Well known directory 'Externals': 'C:\agent-yifhe\externals'
[2021-05-04 06:05:16Z INFO HostContext] Well known directory 'ServerOM': 'C:\agent-yifhe\externals\vstsom'
[2021-05-04 06:05:16Z INFO HostContext] Well known directory 'Bin': 'C:\agent-yifhe\bin'
[2021-05-04 06:05:16Z INFO HostContext] Well known directory 'Root': 'C:\agent-yifhe'
[2021-05-04 06:05:16Z INFO HostContext] Well known directory 'Work': 'C:\agent-yifhe\_work'
[2021-05-04 06:05:16Z INFO HostContext] Well known directory 'Bin': 'C:\agent-yifhe\bin'
[2021-05-04 06:05:16Z INFO HostContext] Well known directory 'Root': 'C:\agent-yifhe'
[2021-05-04 06:05:16Z INFO HostContext] Well known directory 'Work': 'C:\agent-yifhe\_work'
[2021-05-04 06:05:16Z INFO HostContext] Well known directory 'Bin': 'C:\agent-yifhe\bin'
[2021-05-04 06:05:16Z INFO HostContext] Well known directory 'Root': 'C:\agent-yifhe'
[2021-05-04 06:05:16Z INFO HostContext] Well known directory 'Work': 'C:\agent-yifhe\_work'
[2021-05-04 06:05:16Z INFO HostContext] Well known directory 'Tools': 'C:\agent-yifhe\_work\_tool'
[2021-05-04 06:05:16Z INFO HostContext] Well known directory 'Bin': 'C:\agent-yifhe\bin'
[2021-05-04 06:05:16Z INFO HostContext] Well known directory 'Root': 'C:\agent-yifhe'
[2021-05-04 06:05:16Z INFO HostContext] Well known directory 'Work': 'C:\agent-yifhe\_work'
[2021-05-04 06:05:16Z INFO HostContext] Well known directory 'Temp': 'C:\agent-yifhe\_work\_temp'
[2021-05-04 06:05:16Z INFO JobRunner] Creating task server with https://dev.azure.com/v-yifhe/
[2021-05-04 06:05:16Z INFO VisualStudioServices] Starting operation Location.GetConnectionData
[2021-05-04 06:05:17Z INFO JobServerQueue] Try to append 1 batches web console lines for record 'b27281e0-9d9e-59ce-ff74-fa59e0838494', success rate: 1/1.
[2021-05-04 06:05:17Z INFO VisualStudioServices] Finished operation Location.GetConnectionData
[2021-05-04 06:05:17Z INFO JobRunner] Getting job extension.
[2021-05-04 06:05:17Z INFO ExtensionManager] Getting extensions for interface: 'Microsoft.VisualStudio.Services.Agent.Worker.IJobExtension'
[2021-05-04 06:05:17Z INFO ExtensionManager] Creating instance: Microsoft.VisualStudio.Services.Agent.Worker.Build.BuildJobExtension, Agent.Worker
[2021-05-04 06:05:17Z INFO ExtensionManager] Creating instance: Microsoft.VisualStudio.Services.Agent.Worker.Release.ReleaseJobExtension, Agent.Worker
[2021-05-04 06:05:17Z INFO ExtensionManager] Creating instance: Microsoft.VisualStudio.Services.Agent.Worker.Release.DeploymentJobExtension, Agent.Worker
[2021-05-04 06:05:17Z INFO ExtensionManager] Creating instance: Microsoft.VisualStudio.Services.Agent.Worker.Maintenance.MaintenanceJobExtension, Agent.Worker
[2021-05-04 06:05:17Z INFO JobRunner] Initialize job. Getting all job steps.
[2021-05-04 06:05:17Z INFO HostContext] Well known directory 'Bin': 'C:\agent-yifhe\bin'
[2021-05-04 06:05:17Z INFO HostContext] Well known directory 'Root': 'C:\agent-yifhe'
[2021-05-04 06:05:17Z INFO HostContext] Well known directory 'Diag': 'C:\agent-yifhe\_diag'
[2021-05-04 06:05:17Z INFO BuildJobExtension] Run initial step from extension BuildJobExtension.
[2021-05-04 06:05:17Z INFO ExtensionManager] Getting extensions for interface: 'Microsoft.VisualStudio.Services.Agent.Worker.Build.ISourceProvider'
[2021-05-04 06:05:17Z INFO ExtensionManager] Creating instance: Microsoft.VisualStudio.Services.Agent.Worker.Build.ExternalGitSourceProvider, Agent.Worker
[2021-05-04 06:05:17Z INFO ExtensionManager] Creating instance: Microsoft.VisualStudio.Services.Agent.Worker.Build.GitHubSourceProvider, Agent.Worker
[2021-05-04 06:05:17Z INFO ExtensionManager] Creating instance: Microsoft.VisualStudio.Services.Agent.Worker.Build.GitHubEnterpriseSourceProvider, Agent.Worker
[2021-05-04 06:05:17Z INFO ExtensionManager] Creating instance: Microsoft.VisualStudio.Services.Agent.Worker.Build.BitbucketSourceProvider, Agent.Worker
[2021-05-04 06:05:17Z INFO ExtensionManager] Creating instance: Microsoft.VisualStudio.Services.Agent.Worker.Build.SvnSourceProvider, Agent.Worker
[2021-05-04 06:05:17Z INFO ExtensionManager] Creating instance: Microsoft.VisualStudio.Services.Agent.Worker.Build.TfsGitSourceProvider, Agent.Worker
[2021-05-04 06:05:17Z INFO ExtensionManager] Creating instance: Microsoft.VisualStudio.Services.Agent.Worker.Build.TfsVCSourceProvider, Agent.Worker
[2021-05-04 06:05:17Z INFO HostContext] Well known directory 'Bin': 'C:\agent-yifhe\bin'
[2021-05-04 06:05:17Z INFO HostContext] Well known directory 'Root': 'C:\agent-yifhe'
[2021-05-04 06:05:17Z INFO HostContext] Well known directory 'Work': 'C:\agent-yifhe\_work'
[2021-05-04 06:05:17Z INFO HostContext] Well known directory 'Bin': 'C:\agent-yifhe\bin'
[2021-05-04 06:05:17Z INFO HostContext] Well known directory 'Root': 'C:\agent-yifhe'
[2021-05-04 06:05:17Z INFO HostContext] Well known directory 'Work': 'C:\agent-yifhe\_work'
[2021-05-04 06:05:17Z INFO HostContext] Well known directory 'Bin': 'C:\agent-yifhe\bin'
[2021-05-04 06:05:17Z INFO HostContext] Well known directory 'Root': 'C:\agent-yifhe'
[2021-05-04 06:05:17Z INFO HostContext] Well known directory 'Work': 'C:\agent-yifhe\_work'
[2021-05-04 06:05:17Z INFO HostContext] Well known directory 'Bin': 'C:\agent-yifhe\bin'
[2021-05-04 06:05:17Z INFO HostContext] Well known directory 'Root': 'C:\agent-yifhe'
[2021-05-04 06:05:17Z INFO HostContext] Well known directory 'Work': 'C:\agent-yifhe\_work'
[2021-05-04 06:05:17Z INFO HostContext] Well known directory 'Bin': 'C:\agent-yifhe\bin'
[2021-05-04 06:05:17Z INFO HostContext] Well known directory 'Root': 'C:\agent-yifhe'
[2021-05-04 06:05:17Z INFO HostContext] Well known directory 'Work': 'C:\agent-yifhe\_work'
[2021-05-04 06:05:17Z INFO HostContext] Well known directory 'Bin': 'C:\agent-yifhe\bin'
[2021-05-04 06:05:17Z INFO HostContext] Well known directory 'Root': 'C:\agent-yifhe'
[2021-05-04 06:05:17Z INFO HostContext] Well known directory 'Work': 'C:\agent-yifhe\_work'
[2021-05-04 06:05:17Z INFO HostContext] Well known directory 'Bin': 'C:\agent-yifhe\bin'
[2021-05-04 06:05:17Z INFO HostContext] Well known directory 'Root': 'C:\agent-yifhe'
[2021-05-04 06:05:17Z INFO HostContext] Well known directory 'Work': 'C:\agent-yifhe\_work'
[2021-05-04 06:05:17Z INFO BuildDirectoryManager] Creating build directory.
[2021-05-04 06:05:17Z INFO HostContext] Well known directory 'Bin': 'C:\agent-yifhe\bin'
[2021-05-04 06:05:17Z INFO HostContext] Well known directory 'Root': 'C:\agent-yifhe'
[2021-05-04 06:05:17Z INFO HostContext] Well known directory 'Work': 'C:\agent-yifhe\_work'
[2021-05-04 06:05:17Z INFO BuildDirectoryManager] Checking if artifacts directory exists: 'C:\agent-yifhe\_work\2\a'
[2021-05-04 06:05:17Z INFO BuildDirectoryManager] Creating artifacts directory.
[2021-05-04 06:05:17Z INFO HostContext] Well known directory 'Bin': 'C:\agent-yifhe\bin'
[2021-05-04 06:05:17Z INFO HostContext] Well known directory 'Root': 'C:\agent-yifhe'
[2021-05-04 06:05:17Z INFO HostContext] Well known directory 'Work': 'C:\agent-yifhe\_work'
[2021-05-04 06:05:17Z INFO BuildDirectoryManager] Checking if test results directory exists: 'C:\agent-yifhe\_work\2\TestResults'
[2021-05-04 06:05:17Z INFO BuildDirectoryManager] Creating test results directory.
[2021-05-04 06:05:17Z INFO HostContext] Well known directory 'Bin': 'C:\agent-yifhe\bin'
[2021-05-04 06:05:17Z INFO HostContext] Well known directory 'Root': 'C:\agent-yifhe'
[2021-05-04 06:05:17Z INFO HostContext] Well known directory 'Work': 'C:\agent-yifhe\_work'
[2021-05-04 06:05:17Z INFO BuildDirectoryManager] Creating binaries directory.
[2021-05-04 06:05:17Z INFO HostContext] Well known directory 'Bin': 'C:\agent-yifhe\bin'
[2021-05-04 06:05:17Z INFO HostContext] Well known directory 'Root': 'C:\agent-yifhe'
[2021-05-04 06:05:17Z INFO HostContext] Well known directory 'Work': 'C:\agent-yifhe\_work'
[2021-05-04 06:05:17Z INFO BuildDirectoryManager] Creating source directory.
[2021-05-04 06:05:17Z INFO HostContext] Well known directory 'Bin': 'C:\agent-yifhe\bin'
[2021-05-04 06:05:17Z INFO HostContext] Well known directory 'Root': 'C:\agent-yifhe'
[2021-05-04 06:05:17Z INFO HostContext] Well known directory 'Work': 'C:\agent-yifhe\_work'
[2021-05-04 06:05:17Z INFO BuildDirectoryManager] Set repository path for repository self to 'C:\agent-yifhe\_work\2\s'
[2021-05-04 06:05:17Z INFO HostContext] Well known directory 'Bin': 'C:\agent-yifhe\bin'
[2021-05-04 06:05:17Z INFO HostContext] Well known directory 'Root': 'C:\agent-yifhe'
[2021-05-04 06:05:17Z INFO HostContext] Well known directory 'Work': 'C:\agent-yifhe\_work'
[2021-05-04 06:05:17Z INFO BuildJobExtension] Checking repository name self
[2021-05-04 06:05:17Z INFO BuildJobExtension] Downloading task definitions.
[2021-05-04 06:05:17Z INFO TaskManager] Skip download checkout task.
[2021-05-04 06:05:17Z INFO HostContext] Well known directory 'Bin': 'C:\agent-yifhe\bin'
[2021-05-04 06:05:17Z INFO HostContext] Well known directory 'Root': 'C:\agent-yifhe'
[2021-05-04 06:05:17Z INFO HostContext] Well known directory 'Work': 'C:\agent-yifhe\_work'
[2021-05-04 06:05:17Z INFO HostContext] Well known directory 'Tasks': 'C:\agent-yifhe\_work\_tasks'
[2021-05-04 06:05:17Z INFO TaskManager] Ensuring task exists: ID 'ae214784-0f5e-451f-b615-042bce65d833', version '0.2.40', name 'nuget-security-analysis', directory 'C:\agent-yifhe\_work\_tasks\nuget-security-analysis_ae214784-0f5e-451f-b615-042bce65d833\0.2.40'.
[2021-05-04 06:05:17Z INFO HostContext] Well known directory 'Bin': 'C:\agent-yifhe\bin'
[2021-05-04 06:05:17Z INFO HostContext] Well known directory 'Root': 'C:\agent-yifhe'
[2021-05-04 06:05:17Z INFO HostContext] Well known directory 'Work': 'C:\agent-yifhe\_work'
[2021-05-04 06:05:17Z INFO HostContext] Well known directory 'TaskZips': 'C:\agent-yifhe\_work\_taskzips'
[2021-05-04 06:05:17Z INFO HostContext] Well known directory 'Bin': 'C:\agent-yifhe\bin'
[2021-05-04 06:05:17Z INFO HostContext] Well known directory 'Root': 'C:\agent-yifhe'
[2021-05-04 06:05:17Z INFO HostContext] Well known directory 'Work': 'C:\agent-yifhe\_work'
[2021-05-04 06:05:17Z INFO HostContext] Well known directory 'Tasks': 'C:\agent-yifhe\_work\_tasks'
[2021-05-04 06:05:17Z INFO JobServerQueue] Try to append 1 batches web console lines for record '13e2070c-a3bc-4457-a5da-1ee91e55d01d', success rate: 1/1.
[2021-05-04 06:05:21Z INFO TaskManager] Finished getting task.
[2021-05-04 06:05:21Z INFO HostContext] Well known directory 'Bin': 'C:\agent-yifhe\bin'
[2021-05-04 06:05:21Z INFO HostContext] Well known directory 'Root': 'C:\agent-yifhe'
[2021-05-04 06:05:21Z INFO HostContext] Well known directory 'Work': 'C:\agent-yifhe\_work'
[2021-05-04 06:05:21Z INFO HostContext] Well known directory 'Tasks': 'C:\agent-yifhe\_work\_tasks'
[2021-05-04 06:05:21Z INFO TaskManager] Ensuring task exists: ID 'e213ff0f-5d5c-4791-802d-52ea3e7be1f1', version '2.180.1', name 'PowerShell', directory 'C:\agent-yifhe\_work\_tasks\PowerShell_e213ff0f-5d5c-4791-802d-52ea3e7be1f1\2.180.1'.
[2021-05-04 06:05:21Z INFO HostContext] Well known directory 'Bin': 'C:\agent-yifhe\bin'
[2021-05-04 06:05:21Z INFO HostContext] Well known directory 'Root': 'C:\agent-yifhe'
[2021-05-04 06:05:21Z INFO HostContext] Well known directory 'Work': 'C:\agent-yifhe\_work'
[2021-05-04 06:05:21Z INFO HostContext] Well known directory 'TaskZips': 'C:\agent-yifhe\_work\_taskzips'
[2021-05-04 06:05:21Z INFO HostContext] Well known directory 'Bin': 'C:\agent-yifhe\bin'
[2021-05-04 06:05:21Z INFO HostContext] Well known directory 'Root': 'C:\agent-yifhe'
[2021-05-04 06:05:21Z INFO HostContext] Well known directory 'Work': 'C:\agent-yifhe\_work'
[2021-05-04 06:05:21Z INFO HostContext] Well known directory 'Tasks': 'C:\agent-yifhe\_work\_tasks'
[2021-05-04 06:05:22Z INFO JobServerQueue] Try to append 1 batches web console lines for record '13e2070c-a3bc-4457-a5da-1ee91e55d01d', success rate: 1/1.
[2021-05-04 06:05:29Z INFO TaskManager] Finished getting task.
[2021-05-04 06:05:29Z INFO HostContext] Well known directory 'Bin': 'C:\agent-yifhe\bin'
[2021-05-04 06:05:29Z INFO HostContext] Well known directory 'Root': 'C:\agent-yifhe'
[2021-05-04 06:05:29Z INFO HostContext] Well known directory 'Work': 'C:\agent-yifhe\_work'
[2021-05-04 06:05:29Z INFO HostContext] Well known directory 'Tasks': 'C:\agent-yifhe\_work\_tasks'
[2021-05-04 06:05:29Z INFO TaskManager] Ensuring task exists: ID 'f2f0881f-4b99-4a1c-80ea-f5b13fd6cec4', version '0.2120428.1', name 'ComponentGovernanceComponentDetection', directory 'C:\agent-yifhe\_work\_tasks\ComponentGovernanceComponentDetection_f2f0881f-4b99-4a1c-80ea-f5b13fd6cec4\0.2120428.1'.
[2021-05-04 06:05:29Z INFO HostContext] Well known directory 'Bin': 'C:\agent-yifhe\bin'
[2021-05-04 06:05:29Z INFO HostContext] Well known directory 'Root': 'C:\agent-yifhe'
[2021-05-04 06:05:29Z INFO HostContext] Well known directory 'Work': 'C:\agent-yifhe\_work'
[2021-05-04 06:05:29Z INFO HostContext] Well known directory 'TaskZips': 'C:\agent-yifhe\_work\_taskzips'
[2021-05-04 06:05:29Z INFO HostContext] Well known directory 'Bin': 'C:\agent-yifhe\bin'
[2021-05-04 06:05:29Z INFO HostContext] Well known directory 'Root': 'C:\agent-yifhe'
[2021-05-04 06:05:29Z INFO HostContext] Well known directory 'Work': 'C:\agent-yifhe\_work'
[2021-05-04 06:05:29Z INFO HostContext] Well known directory 'Tasks': 'C:\agent-yifhe\_work\_tasks'
[2021-05-04 06:05:30Z INFO JobServerQueue] Try to append 1 batches web console lines for record '13e2070c-a3bc-4457-a5da-1ee91e55d01d', success rate: 1/1.
[2021-05-04 06:05:34Z INFO Worker] Cancellation/Shutdown message received.
[2021-05-04 06:05:34Z INFO TaskManager] Task download has been cancelled.
[2021-05-04 06:05:34Z ERR  BuildJobExtension] Caught cancellation exception from JobExtension Initialization: System.Threading.Tasks.TaskCanceledException: A task was canceled.
   at System.Net.Http.HttpConnection.CopyFromBufferAsync(Stream destination, Int32 count, CancellationToken cancellationToken)
   at System.Net.Http.HttpConnection.CopyToContentLengthAsync(Stream destination, UInt64 length, Int32 bufferSize, CancellationToken cancellationToken)
   at System.Net.Http.HttpConnection.ContentLengthReadStream.CompleteCopyToAsync(Task copyTask, CancellationToken cancellationToken)
   at Microsoft.VisualStudio.Services.Agent.Worker.TaskManager.DownloadAsync(IExecutionContext executionContext, TaskStepDefinitionReference task)
   at Microsoft.VisualStudio.Services.Agent.Worker.TaskManager.DownloadAsync(IExecutionContext executionContext, IEnumerable`1 steps)
   at Microsoft.VisualStudio.Services.Agent.Worker.JobExtension.InitializeJob(IExecutionContext jobContext, AgentJobRequestMessage message)
[2021-05-04 06:05:34Z ERR  JobRunner] Job is canceled during initialize.
[2021-05-04 06:05:34Z ERR  JobRunner] Caught exception: System.Threading.Tasks.TaskCanceledException: A task was canceled.
   at System.Net.Http.HttpConnection.CopyFromBufferAsync(Stream destination, Int32 count, CancellationToken cancellationToken)
   at System.Net.Http.HttpConnection.CopyToContentLengthAsync(Stream destination, UInt64 length, Int32 bufferSize, CancellationToken cancellationToken)
   at System.Net.Http.HttpConnection.ContentLengthReadStream.CompleteCopyToAsync(Task copyTask, CancellationToken cancellationToken)
   at Microsoft.VisualStudio.Services.Agent.Worker.TaskManager.DownloadAsync(IExecutionContext executionContext, TaskStepDefinitionReference task)
   at Microsoft.VisualStudio.Services.Agent.Worker.TaskManager.DownloadAsync(IExecutionContext executionContext, IEnumerable`1 steps)
   at Microsoft.VisualStudio.Services.Agent.Worker.JobExtension.InitializeJob(IExecutionContext jobContext, AgentJobRequestMessage message)
   at Microsoft.VisualStudio.Services.Agent.Worker.JobRunner.RunAsync(AgentJobRequestMessage message, CancellationToken jobRequestCancellationToken)
[2021-05-04 06:05:34Z INFO JobRunner] Shutting down the job server queue.
[2021-05-04 06:05:34Z INFO JobServerQueue] Fire signal to shutdown all queues.
[2021-05-04 06:05:35Z INFO JobServerQueue] All queue process task stopped.
[2021-05-04 06:05:35Z INFO JobServerQueue] Try to append 1 batches web console lines for record '13e2070c-a3bc-4457-a5da-1ee91e55d01d', success rate: 1/1.
[2021-05-04 06:05:36Z INFO JobServerQueue] Try to append 1 batches web console lines for record 'b27281e0-9d9e-59ce-ff74-fa59e0838494', success rate: 1/1.
[2021-05-04 06:05:36Z INFO JobServerQueue] Web console line queue drained.
[2021-05-04 06:05:36Z INFO JobServerQueue] Uploading 2 files in one shot.
[2021-05-04 06:05:36Z INFO VisualStudioServices] Starting operation Location.GetConnectionData
[2021-05-04 06:05:36Z INFO VisualStudioServices] Finished operation Location.GetConnectionData
[2021-05-04 06:05:36Z INFO VisualStudioServices] Starting operation Location.GetConnectionData
[2021-05-04 06:05:37Z INFO VisualStudioServices] Finished operation Location.GetConnectionData
[2021-05-04 06:05:37Z INFO VisualStudioServices] Starting operation Location.GetConnectionData
[2021-05-04 06:05:37Z INFO VisualStudioServices] Finished operation Location.GetConnectionData
[2021-05-04 06:05:40Z INFO JobServerQueue] Try to upload 2 log files or attachments, success rate: 2/2.
[2021-05-04 06:05:40Z INFO JobServerQueue] File upload queue drained.
[2021-05-04 06:05:40Z INFO JobServerQueue] Timeline update queue drained.
[2021-05-04 06:05:40Z INFO JobServerQueue] All queue process tasks have been stopped, and all queues are drained.
[2021-05-04 06:05:40Z INFO TempDirectoryManager] Cleaning agent temp folder: C:\agent-yifhe\_work\_temp
[2021-05-04 06:05:40Z INFO JobRunner] Raising job completed event.
