[2021-05-04 06:10:03Z INFO Program] Version: 2.183.1
[2021-05-04 06:10:03Z INFO Program] Commit: b8617e6e12e82ae37ff5e54627392087788f6561
[2021-05-04 06:10:03Z INFO Program] Culture: zh-CN
[2021-05-04 06:10:03Z INFO Program] UI Culture: en-US
[2021-05-04 06:10:03Z INFO HostContext] Well known directory 'Bin': 'C:\agent-yifhe\bin'
[2021-05-04 06:10:03Z INFO HostContext] Well known directory 'Root': 'C:\agent-yifhe'
[2021-05-04 06:10:03Z INFO HostContext] Well known config file 'Proxy': 'C:\agent-yifhe\.proxy'
[2021-05-04 06:10:03Z INFO VstsAgentWebProxy] No proxy setting found.
[2021-05-04 06:10:03Z INFO HostContext] Well known directory 'Bin': 'C:\agent-yifhe\bin'
[2021-05-04 06:10:03Z INFO HostContext] Well known directory 'Root': 'C:\agent-yifhe'
[2021-05-04 06:10:03Z INFO HostContext] Well known config file 'Certificates': 'C:\agent-yifhe\.certificates'
[2021-05-04 06:10:03Z INFO AgentCertificateManager] No certificate setting found.
[2021-05-04 06:10:03Z INFO Worker] Waiting to receive the job message from the channel.
[2021-05-04 06:10:03Z INFO Worker] Message received.
[2021-05-04 06:10:03Z INFO Worker] Job message:
 {
  "mask": [
    {
      "type": "regex",
      "value": "***"
    },
    {
      "type": "regex",
      "value": "***"
    }
  ],
  "steps": [
    {
      "inputs": {
        "repository": "self"
      },
      "type": "task",
      "reference": {
        "id": "6d15af64-176c-496d-b583-fd2ae21d4df4",
        "name": "Checkout",
        "version": "1.0.0"
      },
      "id": "cae891a3-73ce-52bf-abe1-94d369a68ecf",
      "name": "Checkout",
      "displayName": "Checkout"
    },
    {
      "type": "task",
      "reference": {
        "id": "ae214784-0f5e-451f-b615-042bce65d833",
        "name": "nuget-security-analysis",
        "version": "0.2.40"
      },
      "condition": "succeeded()",
      "timeoutInMinutes": 1,
      "id": "0e6b4432-b712-59f6-d720-8ebed5040ec7",
      "name": "__system_postcheckout_1",
      "displayName": "Nuget Security Analysis (auto-injected by policy)"
    },
    {
      "inputs": {
        "targetType": "inline",
        "script": "Start-Sleep 15"
      },
      "type": "task",
      "reference": {
        "id": "e213ff0f-5d5c-4791-802d-52ea3e7be1f1",
        "name": "PowerShell",
        "version": "2.180.1"
      },
      "id": "46342e7c-b168-5756-b528-2829402b55e9",
      "name": "PowerShell",
      "displayName": "PowerShell"
    },
    {
      "inputs": {
        "sourceScanPath": "$(Agent.BuildDirectory)",
        "autoInjected": "true"
      },
      "type": "task",
      "reference": {
        "id": "f2f0881f-4b99-4a1c-80ea-f5b13fd6cec4",
        "name": "ComponentGovernanceComponentDetection",
        "version": "0.2120428.1"
      },
      "condition": "and(succeeded(), ne(variables['CG_RAN'], 'true'))",
      "continueOnError": true,
      "timeoutInMinutes": 8,
      "id": "ec951bf4-9bc7-5f26-a7dc-2f0c1526194c",
      "name": "__system_post_1",
      "displayName": "Component Detection (auto-injected by policy)"
    }
  ],
  "variables": {
    "resources.triggeringCategory": {
      "value": ""
    },
    "resources.triggeringAlias": {
      "value": ""
    },
    "system": {
      "value": "build",
      "isReadOnly": true
    },
    "system.hosttype": {
      "value": "build",
      "isReadOnly": true
    },
    "system.servertype": {
      "value": "Hosted",
      "isReadOnly": true
    },
    "system.culture": {
      "value": "en-US",
      "isReadOnly": true
    },
    "system.collectionId": {
      "value": "1185492a-3d2f-4555-aeca-5946c9e7a24e",
      "isReadOnly": true
    },
    "system.collectionUri": {
      "value": "https://dev.azure.com/v-yifhe/",
      "isReadOnly": true
    },
    "system.teamFoundationCollectionUri": {
      "value": "https://dev.azure.com/v-yifhe/",
      "isReadOnly": true
    },
    "system.taskDefinitionsUri": {
      "value": "https://dev.azure.com/v-yifhe/",
      "isReadOnly": true
    },
    "system.pipelineStartTime": {
      "value": "2021-05-04 06:10:00+00:00",
      "isReadOnly": true
    },
    "system.teamProject": {
      "value": "job",
      "isReadOnly": true
    },
    "system.teamProjectId": {
      "value": "519f668a-dcf9-43dc-ab7c-fac363afd471",
      "isReadOnly": true
    },
    "system.definitionId": {
      "value": "102",
      "isReadOnly": true
    },
    "build.definitionName": {
      "value": "job",
      "isReadOnly": true
    },
    "build.definitionVersion": {
      "value": "1",
      "isReadOnly": true
    },
    "build.queuedBy": {
      "value": "[PII]",
      "isReadOnly": true
    },
    "build.queuedById": {
      "value": "00000002-0000-8888-8000-000000000000",
      "isReadOnly": true
    },
    "build.requestedFor": {
      "value": "[PII]",
      "isReadOnly": true
    },
    "build.requestedForId": {
      "value": "4e3e3db7-95e7-6b12-b047-ee50e23704d9",
      "isReadOnly": true
    },
    "build.requestedForEmail": {
      "value": "[PII]",
      "isReadOnly": true
    },
    "build.sourceVersionMessage": {
      "value": "Update azure-pipelines.yml for Azure Pipelines",
      "isReadOnly": true
    },
    "build.sourceVersion": {
      "value": "[PII]",
      "isReadOnly": true
    },
    "build.sourceBranch": {
      "value": "[PII]",
      "isReadOnly": true
    },
    "build.sourceBranchName": {
      "value": "[PII]",
      "isReadOnly": true
    },
    "build.reason": {
      "value": "IndividualCI",
      "isReadOnly": true
    },
    "system.pullRequest.isFork": {
      "value": "False",
      "isReadOnly": true
    },
    "system.jobParallelismTag": {
      "value": "Private",
      "isReadOnly": true
    },
    "system.enableAccessToken": {
      "value": "SecretVariable",
      "isReadOnly": true
    },
    "MSDEPLOY_HTTP_USER_AGENT": {
      "value": "VSTS_1185492a-3d2f-4555-aeca-5946c9e7a24e_build_102_0",
      "isReadOnly": true
    },
    "AZURE_HTTP_USER_AGENT": {
      "value": "VSTS_1185492a-3d2f-4555-aeca-5946c9e7a24e_build_102_0",
      "isReadOnly": true
    },
    "build.buildId": {
      "value": "400",
      "isReadOnly": true
    },
    "build.buildUri": {
      "value": "vstfs:///Build/Build/400",
      "isReadOnly": true
    },
    "build.buildNumber": {
      "value": "20210504.2",
      "isReadOnly": true
    },
    "build.containerId": {
      "value": "14459801",
      "isReadOnly": true
    },
    "system.isScheduled": {
      "value": "False",
      "isReadOnly": true
    },
    "system.definitionName": {
      "value": "job",
      "isReadOnly": true
    },
    "system.planId": {
      "value": "58562fa8-d841-467d-bca6-7a4f6458232e",
      "isReadOnly": true
    },
    "system.timelineId": {
      "value": "58562fa8-d841-467d-bca6-7a4f6458232e",
      "isReadOnly": true
    },
    "system.stageDisplayName": {
      "value": "__default",
      "isReadOnly": true
    },
    "system.stageId": {
      "value": "96ac2280-8cb4-5df5-99de-dd2da759617d",
      "isReadOnly": true
    },
    "system.stageName": {
      "value": "__default",
      "isReadOnly": true
    },
    "system.stageAttempt": {
      "value": "1",
      "isReadOnly": true
    },
    "system.phaseDisplayName": {
      "value": "F",
      "isReadOnly": true
    },
    "system.phaseId": {
      "value": "83676764-63ab-5c09-e284-275443c2c3ad",
      "isReadOnly": true
    },
    "system.phaseName": {
      "value": "F",
      "isReadOnly": true
    },
    "system.phaseAttempt": {
      "value": "1",
      "isReadOnly": true
    },
    "system.jobIdentifier": {
      "value": "F.__default",
      "isReadOnly": true
    },
    "system.jobAttempt": {
      "value": "1",
      "isReadOnly": true
    },
    "System.JobPositionInPhase": {
      "value": "1",
      "isReadOnly": true
    },
    "System.TotalJobsInPhase": {
      "value": "1",
      "isReadOnly": true
    },
    "system.jobDisplayName": {
      "value": "F",
      "isReadOnly": true
    },
    "system.jobId": {
      "value": "50b81f0f-a480-53ae-ce70-374da4ba2bea",
      "isReadOnly": true
    },
    "system.jobName": {
      "value": "__default",
      "isReadOnly": true
    },
    "system.jobTimeout": {
      "value": "60",
      "isReadOnly": true
    },
    "system.accessToken": {
      "value": ***,
      "isSecret": true
    },
    "agent.retainDefaultEncoding": {
      "value": "false",
      "isReadOnly": true
    },
    "agent.LogToBlobstorageService": {
      "value": "true",
      "isReadOnly": true
    },
    "agent.readOnlyVariables": {
      "value": "true",
      "isReadOnly": true
    },
    "agent.useWorkspaceId": {
      "value": "true",
      "isReadOnly": true
    },
    "agent.taskRestrictionsEnforcementMode": {
      "value": "WarningOnly",
      "isReadOnly": true
    },
    "agent.enableTaskRestrictionsTelemetry": {
      "value": "true",
      "isReadOnly": true
    },
    "agent.disablelogplugin.TestResultLogPlugin": {
      "value": "true",
      "isReadOnly": true
    },
    "agent.disablelogplugin.TestFilePublisherPlugin": {
      "value": "true",
      "isReadOnly": true
    },
    "build.repository.id": {
      "value": "29835cee-dd30-4174-b7d2-62675076c11d",
      "isReadOnly": true
    },
    "build.repository.name": {
      "value": "job",
      "isReadOnly": true
    },
    "build.repository.uri": {
      "value": "https://v-yifhe@dev.azure.com/v-yifhe/job/_git/job",
      "isReadOnly": true
    },
    "build.sourceVersionAuthor": {
      "value": "[PII]",
      "isReadOnly": true
    }
  },
  "messageType": "PipelineAgentJobRequest",
  "plan": {
    "scopeIdentifier": "519f668a-dcf9-43dc-ab7c-fac363afd471",
    "planType": "Build",
    "version": 17,
    "planId": "58562fa8-d841-467d-bca6-7a4f6458232e",
    "planGroup": "Build:519f668a-dcf9-43dc-ab7c-fac363afd471:400",
    "artifactUri": "vstfs:///Build/Build/400",
    "artifactLocation": null,
    "definition": {
      "_links": {
        "web": {
          "href": "https://dev.azure.com/v-yifhe/519f668a-dcf9-43dc-ab7c-fac363afd471/_build/definition?definitionId=102"
        },
        "self": {
          "href": "https://dev.azure.com/v-yifhe/519f668a-dcf9-43dc-ab7c-fac363afd471/_apis/build/Definitions/102"
        }
      },
      "id": 102,
      "name": "job"
    },
    "owner": {
      "_links": {
        "web": {
          "href": "https://dev.azure.com/v-yifhe/519f668a-dcf9-43dc-ab7c-fac363afd471/_build/results?buildId=400"
        },
        "self": {
          "href": "https://dev.azure.com/v-yifhe/519f668a-dcf9-43dc-ab7c-fac363afd471/_apis/build/Builds/400"
        }
      },
      "id": 400,
      "name": "20210504.2"
    }
  },
  "timeline": {
    "id": "58562fa8-d841-467d-bca6-7a4f6458232e",
    "changeId": 93,
    "location": null
  },
  "jobId": "50b81f0f-a480-53ae-ce70-374da4ba2bea",
  "jobDisplayName": "F",
  "jobName": "__default",
  "jobContainer": null,
  "requestId": 0,
  "lockedUntil": "0001-01-01T00:00:00",
  "resources": {
    "endpoints": [
      {
        "data": {
          "ServerId": "1185492a-3d2f-4555-aeca-5946c9e7a24e",
          "ServerName": "v-yifhe"
        },
        "name": "SystemVssConnection",
        "url": "https://dev.azure.com/v-yifhe/",
        "authorization": {
          "parameters": {
            "AccessToken": ***
          },
          "scheme": "OAuth"
        },
        "isShared": false,
        "isReady": true
      }
    ],
    "repositories": [
      {
        "properties": {
          "id": "29835cee-dd30-4174-b7d2-62675076c11d",
          "type": "Git",
          "version": "90a2b6fc0d7f410332ed3dca2f9d068515d607a2",
          "name": "job",
          "project": "519f668a-dcf9-43dc-ab7c-fac363afd471",
          "defaultBranch": "refs/heads/main",
          "ref": "refs/heads/main",
          "url": "https://v-yifhe@dev.azure.com/v-yifhe/job/_git/job",
          "versionInfo": {
            "author": "[PII]"
          },
          "checkoutOptions": {},
          "system.istriggeringrepository": true
        },
        "alias": "self",
        "endpoint": {
          "name": "SystemVssConnection"
        }
      }
    ]
  },
  "workspace": {}
}
[2021-05-04 06:10:03Z INFO JobRunner] Job ID 50b81f0f-a480-53ae-ce70-374da4ba2bea
[2021-05-04 06:10:03Z INFO JobRunner] Creating job server with URL: https://dev.azure.com/v-yifhe/
[2021-05-04 06:10:03Z INFO VisualStudioServices] Starting operation Location.GetConnectionData
[2021-05-04 06:10:03Z INFO Worker] Listening for cancel message from the channel.
[2021-05-04 06:10:03Z INFO Worker] Waiting for the job to complete or for a cancel message from the channel.
[2021-05-04 06:10:04Z INFO VisualStudioServices] Finished operation Location.GetConnectionData
[2021-05-04 06:10:04Z INFO JobServerQueue] Start process web console line queue.
[2021-05-04 06:10:04Z INFO JobServerQueue] Start process file upload queue.
[2021-05-04 06:10:04Z INFO JobServerQueue] Start process timeline update queue.
[2021-05-04 06:10:04Z INFO ConfigurationStore] currentAssemblyLocation: C:\agent-yifhe\bin\Agent.Worker.dll
[2021-05-04 06:10:04Z INFO HostContext] Well known directory 'Bin': 'C:\agent-yifhe\bin'
[2021-05-04 06:10:04Z INFO ConfigurationStore] binPath: C:\agent-yifhe\bin
[2021-05-04 06:10:04Z INFO HostContext] Well known directory 'Bin': 'C:\agent-yifhe\bin'
[2021-05-04 06:10:04Z INFO HostContext] Well known directory 'Root': 'C:\agent-yifhe'
[2021-05-04 06:10:04Z INFO ConfigurationStore] RootFolder: C:\agent-yifhe
[2021-05-04 06:10:04Z INFO HostContext] Well known directory 'Bin': 'C:\agent-yifhe\bin'
[2021-05-04 06:10:04Z INFO HostContext] Well known directory 'Root': 'C:\agent-yifhe'
[2021-05-04 06:10:04Z INFO HostContext] Well known config file 'Agent': 'C:\agent-yifhe\.agent'
[2021-05-04 06:10:04Z INFO ConfigurationStore] ConfigFilePath: C:\agent-yifhe\.agent
[2021-05-04 06:10:04Z INFO HostContext] Well known directory 'Bin': 'C:\agent-yifhe\bin'
[2021-05-04 06:10:04Z INFO HostContext] Well known directory 'Root': 'C:\agent-yifhe'
[2021-05-04 06:10:04Z INFO HostContext] Well known config file 'Credentials': 'C:\agent-yifhe\.credentials'
[2021-05-04 06:10:04Z INFO ConfigurationStore] CredFilePath: C:\agent-yifhe\.credentials
[2021-05-04 06:10:04Z INFO HostContext] Well known directory 'Bin': 'C:\agent-yifhe\bin'
[2021-05-04 06:10:04Z INFO HostContext] Well known directory 'Root': 'C:\agent-yifhe'
[2021-05-04 06:10:04Z INFO HostContext] Well known config file 'Service': 'C:\agent-yifhe\.service'
[2021-05-04 06:10:04Z INFO ConfigurationStore] ServiceConfigFilePath: C:\agent-yifhe\.service
[2021-05-04 06:10:04Z INFO HostContext] Well known directory 'Bin': 'C:\agent-yifhe\bin'
[2021-05-04 06:10:04Z INFO HostContext] Well known directory 'Root': 'C:\agent-yifhe'
[2021-05-04 06:10:04Z INFO HostContext] Well known config file 'Autologon': 'C:\agent-yifhe\.autologon'
[2021-05-04 06:10:04Z INFO ConfigurationStore] AutoLogonSettingsFilePath: C:\agent-yifhe\.autologon
[2021-05-04 06:10:04Z INFO HostContext] Well known directory 'Bin': 'C:\agent-yifhe\bin'
[2021-05-04 06:10:04Z INFO HostContext] Well known directory 'Root': 'C:\agent-yifhe'
[2021-05-04 06:10:04Z INFO HostContext] Well known config file 'Options': 'C:\agent-yifhe\.options'
[2021-05-04 06:10:04Z INFO ConfigurationStore] RuntimeOptionsFilePath: C:\agent-yifhe\.options
[2021-05-04 06:10:04Z INFO HostContext] Well known directory 'Bin': 'C:\agent-yifhe\bin'
[2021-05-04 06:10:04Z INFO HostContext] Well known directory 'Root': 'C:\agent-yifhe'
[2021-05-04 06:10:04Z INFO HostContext] Well known config file 'SetupInfo': 'C:\agent-yifhe\.setup_info'
[2021-05-04 06:10:04Z INFO ConfigurationStore] SetupInfoFilePath: C:\agent-yifhe\.setup_info
[2021-05-04 06:10:04Z INFO ConfigurationStore] Read setting file: 165 chars
[2021-05-04 06:10:04Z INFO ExecutionContext] WorkspaceIdentifier '3e59d173f5213695d58495e42b8f7d76607b6c53' created for repos Microsoft.VisualStudio.Services.Agent.Worker.Build.RepositoryTrackingInfo
[2021-05-04 06:10:04Z INFO HostContext] Well known directory 'Bin': 'C:\agent-yifhe\bin'
[2021-05-04 06:10:04Z INFO HostContext] Well known directory 'Root': 'C:\agent-yifhe'
[2021-05-04 06:10:04Z INFO HostContext] Well known directory 'Diag': 'C:\agent-yifhe\_diag'
[2021-05-04 06:10:04Z INFO JobRunner] Starting the job execution context.
[2021-05-04 06:10:04Z INFO HostContext] Well known directory 'Bin': 'C:\agent-yifhe\bin'
[2021-05-04 06:10:04Z INFO HostContext] Well known directory 'Root': 'C:\agent-yifhe'
[2021-05-04 06:10:04Z INFO HostContext] Well known directory 'Work': 'C:\agent-yifhe\_work'
[2021-05-04 06:10:04Z INFO JobRunner] Validating directory permissions for: 'C:\agent-yifhe\_work'
[2021-05-04 06:10:04Z INFO HostContext] Well known directory 'Bin': 'C:\agent-yifhe\bin'
[2021-05-04 06:10:04Z INFO HostContext] Well known directory 'Root': 'C:\agent-yifhe'
[2021-05-04 06:10:04Z INFO HostContext] Well known directory 'Bin': 'C:\agent-yifhe\bin'
[2021-05-04 06:10:04Z INFO HostContext] Well known directory 'Root': 'C:\agent-yifhe'
[2021-05-04 06:10:04Z INFO HostContext] Well known directory 'Work': 'C:\agent-yifhe\_work'
[2021-05-04 06:10:04Z INFO HostContext] Well known directory 'Bin': 'C:\agent-yifhe\bin'
[2021-05-04 06:10:04Z INFO HostContext] Well known directory 'Root': 'C:\agent-yifhe'
[2021-05-04 06:10:04Z INFO HostContext] Well known directory 'Externals': 'C:\agent-yifhe\externals'
[2021-05-04 06:10:04Z INFO HostContext] Well known directory 'ServerOM': 'C:\agent-yifhe\externals\vstsom'
[2021-05-04 06:10:04Z INFO HostContext] Well known directory 'Bin': 'C:\agent-yifhe\bin'
[2021-05-04 06:10:04Z INFO HostContext] Well known directory 'Root': 'C:\agent-yifhe'
[2021-05-04 06:10:04Z INFO HostContext] Well known directory 'Work': 'C:\agent-yifhe\_work'
[2021-05-04 06:10:04Z INFO HostContext] Well known directory 'Bin': 'C:\agent-yifhe\bin'
[2021-05-04 06:10:04Z INFO HostContext] Well known directory 'Root': 'C:\agent-yifhe'
[2021-05-04 06:10:04Z INFO HostContext] Well known directory 'Work': 'C:\agent-yifhe\_work'
[2021-05-04 06:10:04Z INFO HostContext] Well known directory 'Bin': 'C:\agent-yifhe\bin'
[2021-05-04 06:10:04Z INFO HostContext] Well known directory 'Root': 'C:\agent-yifhe'
[2021-05-04 06:10:04Z INFO HostContext] Well known directory 'Work': 'C:\agent-yifhe\_work'
[2021-05-04 06:10:04Z INFO HostContext] Well known directory 'Tools': 'C:\agent-yifhe\_work\_tool'
[2021-05-04 06:10:04Z INFO HostContext] Well known directory 'Bin': 'C:\agent-yifhe\bin'
[2021-05-04 06:10:04Z INFO HostContext] Well known directory 'Root': 'C:\agent-yifhe'
[2021-05-04 06:10:04Z INFO HostContext] Well known directory 'Work': 'C:\agent-yifhe\_work'
[2021-05-04 06:10:04Z INFO HostContext] Well known directory 'Temp': 'C:\agent-yifhe\_work\_temp'
[2021-05-04 06:10:04Z INFO JobRunner] Creating task server with https://dev.azure.com/v-yifhe/
[2021-05-04 06:10:04Z INFO VisualStudioServices] Starting operation Location.GetConnectionData
[2021-05-04 06:10:04Z INFO VisualStudioServices] Finished operation Location.GetConnectionData
[2021-05-04 06:10:04Z INFO JobRunner] Getting job extension.
[2021-05-04 06:10:04Z INFO ExtensionManager] Getting extensions for interface: 'Microsoft.VisualStudio.Services.Agent.Worker.IJobExtension'
[2021-05-04 06:10:04Z INFO ExtensionManager] Creating instance: Microsoft.VisualStudio.Services.Agent.Worker.Build.BuildJobExtension, Agent.Worker
[2021-05-04 06:10:04Z INFO ExtensionManager] Creating instance: Microsoft.VisualStudio.Services.Agent.Worker.Release.ReleaseJobExtension, Agent.Worker
[2021-05-04 06:10:04Z INFO ExtensionManager] Creating instance: Microsoft.VisualStudio.Services.Agent.Worker.Release.DeploymentJobExtension, Agent.Worker
[2021-05-04 06:10:04Z INFO ExtensionManager] Creating instance: Microsoft.VisualStudio.Services.Agent.Worker.Maintenance.MaintenanceJobExtension, Agent.Worker
[2021-05-04 06:10:04Z INFO JobRunner] Initialize job. Getting all job steps.
[2021-05-04 06:10:04Z INFO HostContext] Well known directory 'Bin': 'C:\agent-yifhe\bin'
[2021-05-04 06:10:04Z INFO HostContext] Well known directory 'Root': 'C:\agent-yifhe'
[2021-05-04 06:10:04Z INFO HostContext] Well known directory 'Diag': 'C:\agent-yifhe\_diag'
[2021-05-04 06:10:04Z INFO BuildJobExtension] Run initial step from extension BuildJobExtension.
[2021-05-04 06:10:04Z INFO ExtensionManager] Getting extensions for interface: 'Microsoft.VisualStudio.Services.Agent.Worker.Build.ISourceProvider'
[2021-05-04 06:10:04Z INFO ExtensionManager] Creating instance: Microsoft.VisualStudio.Services.Agent.Worker.Build.ExternalGitSourceProvider, Agent.Worker
[2021-05-04 06:10:04Z INFO ExtensionManager] Creating instance: Microsoft.VisualStudio.Services.Agent.Worker.Build.GitHubSourceProvider, Agent.Worker
[2021-05-04 06:10:04Z INFO ExtensionManager] Creating instance: Microsoft.VisualStudio.Services.Agent.Worker.Build.GitHubEnterpriseSourceProvider, Agent.Worker
[2021-05-04 06:10:04Z INFO ExtensionManager] Creating instance: Microsoft.VisualStudio.Services.Agent.Worker.Build.BitbucketSourceProvider, Agent.Worker
[2021-05-04 06:10:04Z INFO ExtensionManager] Creating instance: Microsoft.VisualStudio.Services.Agent.Worker.Build.SvnSourceProvider, Agent.Worker
[2021-05-04 06:10:04Z INFO ExtensionManager] Creating instance: Microsoft.VisualStudio.Services.Agent.Worker.Build.TfsGitSourceProvider, Agent.Worker
[2021-05-04 06:10:04Z INFO ExtensionManager] Creating instance: Microsoft.VisualStudio.Services.Agent.Worker.Build.TfsVCSourceProvider, Agent.Worker
[2021-05-04 06:10:04Z INFO HostContext] Well known directory 'Bin': 'C:\agent-yifhe\bin'
[2021-05-04 06:10:04Z INFO HostContext] Well known directory 'Root': 'C:\agent-yifhe'
[2021-05-04 06:10:04Z INFO HostContext] Well known directory 'Work': 'C:\agent-yifhe\_work'
[2021-05-04 06:10:04Z INFO HostContext] Well known directory 'Bin': 'C:\agent-yifhe\bin'
[2021-05-04 06:10:04Z INFO HostContext] Well known directory 'Root': 'C:\agent-yifhe'
[2021-05-04 06:10:04Z INFO HostContext] Well known directory 'Work': 'C:\agent-yifhe\_work'
[2021-05-04 06:10:04Z INFO HostContext] Well known directory 'Bin': 'C:\agent-yifhe\bin'
[2021-05-04 06:10:04Z INFO HostContext] Well known directory 'Root': 'C:\agent-yifhe'
[2021-05-04 06:10:04Z INFO HostContext] Well known directory 'Work': 'C:\agent-yifhe\_work'
[2021-05-04 06:10:04Z INFO HostContext] Well known directory 'Bin': 'C:\agent-yifhe\bin'
[2021-05-04 06:10:04Z INFO HostContext] Well known directory 'Root': 'C:\agent-yifhe'
[2021-05-04 06:10:04Z INFO HostContext] Well known directory 'Work': 'C:\agent-yifhe\_work'
[2021-05-04 06:10:04Z INFO HostContext] Well known directory 'Bin': 'C:\agent-yifhe\bin'
[2021-05-04 06:10:04Z INFO HostContext] Well known directory 'Root': 'C:\agent-yifhe'
[2021-05-04 06:10:04Z INFO HostContext] Well known directory 'Work': 'C:\agent-yifhe\_work'
[2021-05-04 06:10:04Z INFO HostContext] Well known directory 'Bin': 'C:\agent-yifhe\bin'
[2021-05-04 06:10:04Z INFO HostContext] Well known directory 'Root': 'C:\agent-yifhe'
[2021-05-04 06:10:04Z INFO HostContext] Well known directory 'Work': 'C:\agent-yifhe\_work'
[2021-05-04 06:10:04Z INFO BuildDirectoryManager] Checking if artifacts directory exists: 'C:\agent-yifhe\_work\2\a'
[2021-05-04 06:10:04Z INFO BuildDirectoryManager] Creating artifacts directory.
[2021-05-04 06:10:04Z INFO HostContext] Well known directory 'Bin': 'C:\agent-yifhe\bin'
[2021-05-04 06:10:04Z INFO HostContext] Well known directory 'Root': 'C:\agent-yifhe'
[2021-05-04 06:10:04Z INFO HostContext] Well known directory 'Work': 'C:\agent-yifhe\_work'
[2021-05-04 06:10:04Z INFO BuildDirectoryManager] Checking if test results directory exists: 'C:\agent-yifhe\_work\2\TestResults'
[2021-05-04 06:10:04Z INFO BuildDirectoryManager] Creating test results directory.
[2021-05-04 06:10:04Z INFO HostContext] Well known directory 'Bin': 'C:\agent-yifhe\bin'
[2021-05-04 06:10:04Z INFO HostContext] Well known directory 'Root': 'C:\agent-yifhe'
[2021-05-04 06:10:04Z INFO HostContext] Well known directory 'Work': 'C:\agent-yifhe\_work'
[2021-05-04 06:10:04Z INFO HostContext] Well known directory 'Bin': 'C:\agent-yifhe\bin'
[2021-05-04 06:10:04Z INFO HostContext] Well known directory 'Root': 'C:\agent-yifhe'
[2021-05-04 06:10:04Z INFO HostContext] Well known directory 'Work': 'C:\agent-yifhe\_work'
[2021-05-04 06:10:04Z INFO HostContext] Well known directory 'Bin': 'C:\agent-yifhe\bin'
[2021-05-04 06:10:04Z INFO HostContext] Well known directory 'Root': 'C:\agent-yifhe'
[2021-05-04 06:10:04Z INFO HostContext] Well known directory 'Work': 'C:\agent-yifhe\_work'
[2021-05-04 06:10:04Z INFO BuildDirectoryManager] Set repository path for repository self to 'C:\agent-yifhe\_work\2\s'
[2021-05-04 06:10:04Z INFO HostContext] Well known directory 'Bin': 'C:\agent-yifhe\bin'
[2021-05-04 06:10:04Z INFO HostContext] Well known directory 'Root': 'C:\agent-yifhe'
[2021-05-04 06:10:04Z INFO HostContext] Well known directory 'Work': 'C:\agent-yifhe\_work'
[2021-05-04 06:10:04Z INFO BuildJobExtension] Checking repository name self
[2021-05-04 06:10:04Z INFO BuildJobExtension] Downloading task definitions.
[2021-05-04 06:10:04Z INFO TaskManager] Skip download checkout task.
[2021-05-04 06:10:04Z INFO HostContext] Well known directory 'Bin': 'C:\agent-yifhe\bin'
[2021-05-04 06:10:04Z INFO HostContext] Well known directory 'Root': 'C:\agent-yifhe'
[2021-05-04 06:10:04Z INFO HostContext] Well known directory 'Work': 'C:\agent-yifhe\_work'
[2021-05-04 06:10:04Z INFO HostContext] Well known directory 'Tasks': 'C:\agent-yifhe\_work\_tasks'
[2021-05-04 06:10:04Z INFO TaskManager] Ensuring task exists: ID 'ae214784-0f5e-451f-b615-042bce65d833', version '0.2.40', name 'nuget-security-analysis', directory 'C:\agent-yifhe\_work\_tasks\nuget-security-analysis_ae214784-0f5e-451f-b615-042bce65d833\0.2.40'.
[2021-05-04 06:10:04Z INFO HostContext] Well known directory 'Bin': 'C:\agent-yifhe\bin'
[2021-05-04 06:10:04Z INFO HostContext] Well known directory 'Root': 'C:\agent-yifhe'
[2021-05-04 06:10:04Z INFO HostContext] Well known directory 'Work': 'C:\agent-yifhe\_work'
[2021-05-04 06:10:04Z INFO HostContext] Well known directory 'Tasks': 'C:\agent-yifhe\_work\_tasks'
[2021-05-04 06:10:04Z INFO TaskManager] Ensuring task exists: ID 'e213ff0f-5d5c-4791-802d-52ea3e7be1f1', version '2.180.1', name 'PowerShell', directory 'C:\agent-yifhe\_work\_tasks\PowerShell_e213ff0f-5d5c-4791-802d-52ea3e7be1f1\2.180.1'.
[2021-05-04 06:10:04Z INFO HostContext] Well known directory 'Bin': 'C:\agent-yifhe\bin'
[2021-05-04 06:10:04Z INFO HostContext] Well known directory 'Root': 'C:\agent-yifhe'
[2021-05-04 06:10:04Z INFO HostContext] Well known directory 'Work': 'C:\agent-yifhe\_work'
[2021-05-04 06:10:04Z INFO HostContext] Well known directory 'Tasks': 'C:\agent-yifhe\_work\_tasks'
[2021-05-04 06:10:04Z INFO TaskManager] Ensuring task exists: ID 'f2f0881f-4b99-4a1c-80ea-f5b13fd6cec4', version '0.2120428.1', name 'ComponentGovernanceComponentDetection', directory 'C:\agent-yifhe\_work\_tasks\ComponentGovernanceComponentDetection_f2f0881f-4b99-4a1c-80ea-f5b13fd6cec4\0.2120428.1'.
[2021-05-04 06:10:04Z INFO BuildJobExtension] Parsing all task's condition inputs.
[2021-05-04 06:10:04Z INFO ExpressionManager] Parsing expression: <succeeded()>
[2021-05-04 06:10:04Z INFO ExpressionManager] Parsing expression: <and(succeeded(), ne(variables['CG_RAN'], 'true'))>
[2021-05-04 06:10:04Z INFO HostContext] Well known directory 'Bin': 'C:\agent-yifhe\bin'
[2021-05-04 06:10:04Z INFO HostContext] Well known directory 'Root': 'C:\agent-yifhe'
[2021-05-04 06:10:04Z INFO HostContext] Well known directory 'Work': 'C:\agent-yifhe\_work'
[2021-05-04 06:10:04Z INFO HostContext] Well known directory 'Tasks': 'C:\agent-yifhe\_work\_tasks'
[2021-05-04 06:10:04Z INFO HostContext] Well known directory 'Bin': 'C:\agent-yifhe\bin'
[2021-05-04 06:10:04Z INFO HostContext] Well known directory 'Root': 'C:\agent-yifhe'
[2021-05-04 06:10:04Z INFO HostContext] Well known directory 'Work': 'C:\agent-yifhe\_work'
[2021-05-04 06:10:04Z INFO HostContext] Well known directory 'Tasks': 'C:\agent-yifhe\_work\_tasks'
[2021-05-04 06:10:04Z INFO HostContext] Well known directory 'Bin': 'C:\agent-yifhe\bin'
[2021-05-04 06:10:04Z INFO HostContext] Well known directory 'Root': 'C:\agent-yifhe'
[2021-05-04 06:10:04Z INFO HostContext] Well known directory 'Work': 'C:\agent-yifhe\_work'
[2021-05-04 06:10:04Z INFO HostContext] Well known directory 'TaskZips': 'C:\agent-yifhe\_work\_taskzips'
[2021-05-04 06:10:04Z INFO TaskManager] Loading task definition 'C:\agent-yifhe\_work\_tasks\nuget-security-analysis_ae214784-0f5e-451f-b615-042bce65d833\0.2.40\task.json'.
[2021-05-04 06:10:04Z INFO JobServerQueue] Try to append 1 batches web console lines for record '50b81f0f-a480-53ae-ce70-374da4ba2bea', success rate: 1/1.
[2021-05-04 06:10:04Z INFO HostContext] Well known directory 'Bin': 'C:\agent-yifhe\bin'
[2021-05-04 06:10:04Z INFO HostContext] Well known directory 'Root': 'C:\agent-yifhe'
[2021-05-04 06:10:04Z INFO HostContext] Well known directory 'Work': 'C:\agent-yifhe\_work'
[2021-05-04 06:10:04Z INFO HostContext] Well known directory 'Tasks': 'C:\agent-yifhe\_work\_tasks'
[2021-05-04 06:10:04Z INFO HostContext] Well known directory 'Bin': 'C:\agent-yifhe\bin'
[2021-05-04 06:10:04Z INFO HostContext] Well known directory 'Root': 'C:\agent-yifhe'
[2021-05-04 06:10:04Z INFO HostContext] Well known directory 'Work': 'C:\agent-yifhe\_work'
[2021-05-04 06:10:04Z INFO HostContext] Well known directory 'TaskZips': 'C:\agent-yifhe\_work\_taskzips'
[2021-05-04 06:10:04Z INFO TaskManager] Loading task definition 'C:\agent-yifhe\_work\_tasks\PowerShell_e213ff0f-5d5c-4791-802d-52ea3e7be1f1\2.180.1\task.json'.
[2021-05-04 06:10:04Z INFO HostContext] Well known directory 'Bin': 'C:\agent-yifhe\bin'
[2021-05-04 06:10:04Z INFO HostContext] Well known directory 'Root': 'C:\agent-yifhe'
[2021-05-04 06:10:04Z INFO HostContext] Well known directory 'Work': 'C:\agent-yifhe\_work'
[2021-05-04 06:10:04Z INFO HostContext] Well known directory 'Tasks': 'C:\agent-yifhe\_work\_tasks'
[2021-05-04 06:10:04Z INFO HostContext] Well known directory 'Bin': 'C:\agent-yifhe\bin'
[2021-05-04 06:10:04Z INFO HostContext] Well known directory 'Root': 'C:\agent-yifhe'
[2021-05-04 06:10:04Z INFO HostContext] Well known directory 'Work': 'C:\agent-yifhe\_work'
[2021-05-04 06:10:04Z INFO HostContext] Well known directory 'TaskZips': 'C:\agent-yifhe\_work\_taskzips'
[2021-05-04 06:10:04Z INFO TaskManager] Loading task definition 'C:\agent-yifhe\_work\_tasks\ComponentGovernanceComponentDetection_f2f0881f-4b99-4a1c-80ea-f5b13fd6cec4\0.2120428.1\task.json'.
[2021-05-04 06:10:04Z INFO BuildJobExtension] Adding pre-job step from extension.
[2021-05-04 06:10:04Z INFO BuildJobExtension] Adding post-job step from extension.
[2021-05-04 06:10:04Z INFO HostContext] Well known directory 'Bin': 'C:\agent-yifhe\bin'
[2021-05-04 06:10:04Z INFO HostContext] Well known directory 'Root': 'C:\agent-yifhe'
[2021-05-04 06:10:04Z INFO HostContext] Well known directory 'Diag': 'C:\agent-yifhe\_diag'
[2021-05-04 06:10:04Z INFO HostContext] Well known directory 'Bin': 'C:\agent-yifhe\bin'
[2021-05-04 06:10:04Z INFO HostContext] Well known directory 'Root': 'C:\agent-yifhe'
[2021-05-04 06:10:04Z INFO HostContext] Well known directory 'Diag': 'C:\agent-yifhe\_diag'
[2021-05-04 06:10:04Z INFO HostContext] Well known directory 'Bin': 'C:\agent-yifhe\bin'
[2021-05-04 06:10:04Z INFO HostContext] Well known directory 'Root': 'C:\agent-yifhe'
[2021-05-04 06:10:04Z INFO HostContext] Well known directory 'Diag': 'C:\agent-yifhe\_diag'
[2021-05-04 06:10:04Z INFO HostContext] Well known directory 'Bin': 'C:\agent-yifhe\bin'
[2021-05-04 06:10:04Z INFO HostContext] Well known directory 'Root': 'C:\agent-yifhe'
[2021-05-04 06:10:04Z INFO HostContext] Well known directory 'Diag': 'C:\agent-yifhe\_diag'
[2021-05-04 06:10:04Z INFO BuildJobExtension] Adding post-job steps from tasks.
[2021-05-04 06:10:04Z INFO HostContext] Well known directory 'Bin': 'C:\agent-yifhe\bin'
[2021-05-04 06:10:04Z INFO HostContext] Well known directory 'Root': 'C:\agent-yifhe'
[2021-05-04 06:10:04Z INFO HostContext] Well known directory 'Diag': 'C:\agent-yifhe\_diag'
[2021-05-04 06:10:04Z INFO BuildJobExtension] Total accessible running process: 239.
[2021-05-04 06:10:04Z INFO JobRunner] Total job steps: 5.
[2021-05-04 06:10:04Z INFO JobRunner] Run all job steps.
[2021-05-04 06:10:04Z INFO StepsRunner] Processing step: DisplayName='Checkout job@main to s', ContinueOnError=False, Enabled=True
[2021-05-04 06:10:04Z INFO ExpressionManager] Evaluating: SucceededNode()
[2021-05-04 06:10:04Z INFO ExpressionManager] Result: True
[2021-05-04 06:10:04Z INFO StepsRunner] Starting the step.
[2021-05-04 06:10:04Z INFO HostContext] Well known directory 'Bin': 'C:\agent-yifhe\bin'
[2021-05-04 06:10:04Z INFO HostContext] Well known directory 'Root': 'C:\agent-yifhe'
[2021-05-04 06:10:04Z INFO HostContext] Well known directory 'Work': 'C:\agent-yifhe\_work'
[2021-05-04 06:10:04Z INFO StepsRunner] Which: 'chcp'
[2021-05-04 06:10:04Z INFO StepsRunner] Location: 'C:\WINDOWS\system32\chcp.COM'
[2021-05-04 06:10:04Z INFO ProcessInvokerWrapper] Starting process:
[2021-05-04 06:10:04Z INFO ProcessInvokerWrapper]   File name: 'C:\WINDOWS\system32\chcp.COM'
[2021-05-04 06:10:04Z INFO ProcessInvokerWrapper]   Arguments: '65001'
[2021-05-04 06:10:04Z INFO ProcessInvokerWrapper]   Working directory: 'C:\agent-yifhe\_work'
[2021-05-04 06:10:04Z INFO ProcessInvokerWrapper]   Require exit code zero: 'False'
[2021-05-04 06:10:04Z INFO ProcessInvokerWrapper]   Encoding web name:  ; code page: ''
[2021-05-04 06:10:04Z INFO ProcessInvokerWrapper]   Force kill process on cancellation: 'False'
[2021-05-04 06:10:04Z INFO ProcessInvokerWrapper]   Redirected STDIN: 'False'
[2021-05-04 06:10:04Z INFO ProcessInvokerWrapper]   Persist current code page: 'True'
[2021-05-04 06:10:04Z INFO ProcessInvokerWrapper]   Keep redirected STDIN open: 'False'
[2021-05-04 06:10:04Z INFO ProcessInvokerWrapper]   High priority process: 'False'
[2021-05-04 06:10:04Z INFO ProcessInvokerWrapper] OOM score adjustment is Linux-only.
[2021-05-04 06:10:04Z INFO ProcessInvokerWrapper] Process started with process id 21340, waiting for process exit.
[2021-05-04 06:10:04Z INFO ProcessInvokerWrapper] STDOUT/STDERR stream read finished.
[2021-05-04 06:10:04Z INFO ProcessInvokerWrapper] STDOUT/STDERR stream read finished.
[2021-05-04 06:10:04Z INFO ProcessInvokerWrapper] Exited process 21340 with exit code 0
[2021-05-04 06:10:04Z INFO ProcessInvokerWrapper] Finished process 21340 with exit code 0, and elapsed time 00:00:00.0629964.
[2021-05-04 06:10:04Z INFO StepsRunner] Successfully returned to code page 65001 (UTF8)
[2021-05-04 06:10:04Z INFO HostContext] Well known directory 'Bin': 'C:\agent-yifhe\bin'
[2021-05-04 06:10:04Z INFO HostContext] Well known directory 'Root': 'C:\agent-yifhe'
[2021-05-04 06:10:04Z INFO HostContext] Well known directory 'Work': 'C:\agent-yifhe\_work'
[2021-05-04 06:10:04Z INFO HostContext] Well known directory 'Tasks': 'C:\agent-yifhe\_work\_tasks'
[2021-05-04 06:10:04Z INFO TaskRunner] Get handler data for target platform Windows
[2021-05-04 06:10:04Z INFO TaskRunner] Handler data is of type Microsoft.VisualStudio.Services.Agent.Worker.AgentPluginHandlerData
[2021-05-04 06:10:04Z INFO ExtensionManager] Getting extensions for interface: 'Microsoft.VisualStudio.Services.Agent.Worker.IWorkerCommandExtension'
[2021-05-04 06:10:04Z INFO ExtensionManager] Creating instance: Microsoft.VisualStudio.Services.Agent.Worker.TaskCommandExtension, Agent.Worker
[2021-05-04 06:10:04Z INFO ExtensionManager] Creating instance: Microsoft.VisualStudio.Services.Agent.Worker.Build.ArtifactCommandExtension, Agent.Worker
[2021-05-04 06:10:04Z INFO ExtensionManager] Creating instance: Microsoft.VisualStudio.Services.Agent.Worker.Build.BuildCommandExtension, Agent.Worker
[2021-05-04 06:10:04Z INFO ExtensionManager] Creating instance: Microsoft.VisualStudio.Services.Agent.Worker.CodeCoverage.CodeCoverageCommandExtension, Agent.Worker
[2021-05-04 06:10:04Z INFO ExtensionManager] Creating instance: Microsoft.VisualStudio.Services.Agent.Worker.TestResults.ResultsCommandExtension, Agent.Worker
[2021-05-04 06:10:04Z INFO ExtensionManager] Creating instance: Microsoft.VisualStudio.Services.Agent.Worker.Telemetry.TelemetryCommandExtension, Agent.Worker
[2021-05-04 06:10:04Z INFO ExtensionManager] Creating instance: Microsoft.VisualStudio.Services.Agent.Worker.Release.ReleaseCommandExtension, Agent.Worker
[2021-05-04 06:10:04Z INFO ExtensionManager] Creating instance: Microsoft.VisualStudio.Services.Agent.Worker.PluginInternalCommandExtension, Agent.Worker
[2021-05-04 06:10:04Z INFO WorkerCommandManager] Register command extension for area task
[2021-05-04 06:10:04Z INFO WorkerCommandManager] Register command extension for area artifact
[2021-05-04 06:10:04Z INFO WorkerCommandManager] Register command extension for area build
[2021-05-04 06:10:04Z INFO WorkerCommandManager] Register command extension for area codecoverage
[2021-05-04 06:10:04Z INFO WorkerCommandManager] Register command extension for area results
[2021-05-04 06:10:04Z INFO WorkerCommandManager] Register command extension for area telemetry
[2021-05-04 06:10:04Z INFO WorkerCommandManager] Register command extension for area release
[2021-05-04 06:10:04Z INFO WorkerCommandManager] Register command extension for area plugininternal
[2021-05-04 06:10:04Z INFO AgentPluginManager] Load task plugin from 'Agent.Plugins.Repository.CheckoutTask, Agent.Plugins'.
[2021-05-04 06:10:04Z INFO HostContext] Well known directory 'Bin': 'C:\agent-yifhe\bin'
[2021-05-04 06:10:04Z INFO AgentPluginManager] Loaded task plugin id '6d15af64-176c-496d-b583-fd2ae21d4df4' (main).
[2021-05-04 06:10:04Z INFO AgentPluginManager] Load task plugin from 'Agent.Plugins.Repository.CleanupTask, Agent.Plugins'.
[2021-05-04 06:10:04Z INFO AgentPluginManager] Loaded task plugin id '6d15af64-176c-496d-b583-fd2ae21d4df4' (post).
[2021-05-04 06:10:04Z INFO AgentPluginManager] Load task plugin from 'Agent.Plugins.PipelineArtifact.DownloadPipelineArtifactTask, Agent.Plugins'.
[2021-05-04 06:10:04Z INFO AgentPluginManager] Loaded task plugin id '61f2a582-95ae-4948-b34d-a1b3c4f6a737' (main).
[2021-05-04 06:10:04Z INFO AgentPluginManager] Load task plugin from 'Agent.Plugins.PipelineArtifact.PublishPipelineArtifactTask, Agent.Plugins'.
[2021-05-04 06:10:04Z INFO AgentPluginManager] Loaded task plugin id 'ecdc45f6-832d-4ad9-b52b-ee49e94659be' (main).
[2021-05-04 06:10:04Z INFO AgentPluginManager] Load task plugin from 'Agent.Plugins.PipelineArtifact.PublishPipelineArtifactTaskV1, Agent.Plugins'.
[2021-05-04 06:10:04Z INFO AgentPluginManager] Loaded task plugin id 'ecdc45f6-832d-4ad9-b52b-ee49e94659be' (main).
[2021-05-04 06:10:04Z INFO AgentPluginManager] Load task plugin from 'Agent.Plugins.PipelineArtifact.DownloadPipelineArtifactTaskV1, Agent.Plugins'.
[2021-05-04 06:10:04Z INFO AgentPluginManager] Loaded task plugin id '61f2a582-95ae-4948-b34d-a1b3c4f6a737' (main).
[2021-05-04 06:10:04Z INFO AgentPluginManager] Load task plugin from 'Agent.Plugins.PipelineArtifact.DownloadPipelineArtifactTaskV1_1_0, Agent.Plugins'.
[2021-05-04 06:10:04Z INFO AgentPluginManager] Loaded task plugin id '61f2a582-95ae-4948-b34d-a1b3c4f6a737' (main).
[2021-05-04 06:10:04Z INFO AgentPluginManager] Load task plugin from 'Agent.Plugins.PipelineCache.SavePipelineCacheV0, Agent.Plugins'.
[2021-05-04 06:10:04Z INFO AgentPluginManager] Loaded task plugin id 'd53ccab4-555e-4494-9d06-11db043fb4a9' (post).
[2021-05-04 06:10:04Z INFO AgentPluginManager] Load task plugin from 'Agent.Plugins.PipelineCache.RestorePipelineCacheV0, Agent.Plugins'.
[2021-05-04 06:10:04Z INFO AgentPluginManager] Loaded task plugin id 'd53ccab4-555e-4494-9d06-11db043fb4a9' (main).
[2021-05-04 06:10:04Z INFO AgentPluginManager] Load task plugin from 'Agent.Plugins.PipelineArtifact.DownloadPipelineArtifactTaskV1_1_1, Agent.Plugins'.
[2021-05-04 06:10:04Z INFO AgentPluginManager] Loaded task plugin id '61f2a582-95ae-4948-b34d-a1b3c4f6a737' (main).
[2021-05-04 06:10:04Z INFO AgentPluginManager] Load task plugin from 'Agent.Plugins.PipelineArtifact.DownloadPipelineArtifactTaskV1_1_2, Agent.Plugins'.
[2021-05-04 06:10:04Z INFO AgentPluginManager] Loaded task plugin id '61f2a582-95ae-4948-b34d-a1b3c4f6a737' (main).
[2021-05-04 06:10:04Z INFO AgentPluginManager] Load task plugin from 'Agent.Plugins.PipelineArtifact.DownloadPipelineArtifactTaskV1_1_3, Agent.Plugins'.
[2021-05-04 06:10:04Z INFO AgentPluginManager] Loaded task plugin id '61f2a582-95ae-4948-b34d-a1b3c4f6a737' (main).
[2021-05-04 06:10:04Z INFO AgentPluginManager] Load task plugin from 'Agent.Plugins.PipelineArtifact.DownloadPipelineArtifactTaskV2_0_0, Agent.Plugins'.
[2021-05-04 06:10:04Z INFO AgentPluginManager] Loaded task plugin id '61f2a582-95ae-4948-b34d-a1b3c4f6a737' (main).
[2021-05-04 06:10:04Z INFO AgentPluginManager] Load task plugin from 'Agent.Plugins.PipelineArtifact.PublishPipelineArtifactTaskV0_140_0, Agent.Plugins'.
[2021-05-04 06:10:04Z INFO AgentPluginManager] Loaded task plugin id 'ecdc45f6-832d-4ad9-b52b-ee49e94659be' (main).
[2021-05-04 06:10:04Z INFO WorkerCommandManager] Enable plugin internal command extension.
[2021-05-04 06:10:04Z INFO HostContext] Well known directory 'Bin': 'C:\agent-yifhe\bin'
[2021-05-04 06:10:04Z INFO HostContext] Well known directory 'Root': 'C:\agent-yifhe'
[2021-05-04 06:10:04Z INFO HostContext] Well known directory 'Work': 'C:\agent-yifhe\_work'
[2021-05-04 06:10:04Z INFO HostContext] Well known directory 'Bin': 'C:\agent-yifhe\bin'
[2021-05-04 06:10:04Z INFO ProcessInvokerWrapper] Starting process:
[2021-05-04 06:10:04Z INFO ProcessInvokerWrapper]   File name: 'C:\agent-yifhe\bin\Agent.PluginHost.exe'
[2021-05-04 06:10:04Z INFO ProcessInvokerWrapper]   Arguments: 'task "Agent.Plugins.Repository.CheckoutTask, Agent.Plugins"'
[2021-05-04 06:10:04Z INFO ProcessInvokerWrapper]   Working directory: 'C:\agent-yifhe\_work'
[2021-05-04 06:10:04Z INFO ProcessInvokerWrapper]   Require exit code zero: 'True'
[2021-05-04 06:10:04Z INFO ProcessInvokerWrapper]   Encoding web name: utf-8 ; code page: '65001'
[2021-05-04 06:10:04Z INFO ProcessInvokerWrapper]   Force kill process on cancellation: 'False'
[2021-05-04 06:10:04Z INFO ProcessInvokerWrapper]   Redirected STDIN: 'True'
[2021-05-04 06:10:04Z INFO ProcessInvokerWrapper]   Persist current code page: 'False'
[2021-05-04 06:10:04Z INFO ProcessInvokerWrapper]   Keep redirected STDIN open: 'False'
[2021-05-04 06:10:04Z INFO ProcessInvokerWrapper]   High priority process: 'False'
[2021-05-04 06:10:04Z INFO ProcessInvokerWrapper] OOM score adjustment is Linux-only.
[2021-05-04 06:10:04Z INFO ProcessInvokerWrapper] Process started with process id 7132, waiting for process exit.
[2021-05-04 06:10:05Z INFO ProcessInvokerWrapper] Close STDIN after the first redirect finished.
[2021-05-04 06:10:05Z INFO ProcessInvokerWrapper] STDIN stream write finished.
[2021-05-04 06:10:05Z INFO JobServerQueue] Try to append 1 batches web console lines for record 'a64f7b9a-7821-41fb-84c1-e849e7258df1', success rate: 1/1.
[2021-05-04 06:10:05Z INFO JobServerQueue] Try to append 1 batches web console lines for record 'cae891a3-73ce-52bf-abe1-94d369a68ecf', success rate: 1/1.
[2021-05-04 06:10:05Z INFO VisualStudioServices] Starting operation Location.GetConnectionData
[2021-05-04 06:10:05Z INFO JobServerQueue] Try to append 1 batches web console lines for record 'cae891a3-73ce-52bf-abe1-94d369a68ecf', success rate: 1/1.
[2021-05-04 06:10:06Z INFO VisualStudioServices] Finished operation Location.GetConnectionData
[2021-05-04 06:10:06Z INFO VisualStudioServices] Starting operation Location.GetConnectionData
[2021-05-04 06:10:06Z INFO JobServerQueue] Try to append 1 batches web console lines for record 'cae891a3-73ce-52bf-abe1-94d369a68ecf', success rate: 1/1.
[2021-05-04 06:10:06Z INFO VisualStudioServices] Finished operation Location.GetConnectionData
[2021-05-04 06:10:06Z INFO JobServerQueue] Try to append 1 batches web console lines for record 'cae891a3-73ce-52bf-abe1-94d369a68ecf', success rate: 1/1.
[2021-05-04 06:10:06Z INFO ProcessInvokerWrapper] STDOUT/STDERR stream read finished.
[2021-05-04 06:10:06Z INFO ProcessInvokerWrapper] STDOUT/STDERR stream read finished.
[2021-05-04 06:10:06Z INFO ProcessInvokerWrapper] Exited process 7132 with exit code 0
[2021-05-04 06:10:06Z INFO ProcessInvokerWrapper] Finished process 7132 with exit code 0, and elapsed time 00:00:02.0412016.
[2021-05-04 06:10:06Z INFO WorkerCommandManager] Disable plugin internal command extension.
[2021-05-04 06:10:06Z INFO StepsRunner] Step result: 
[2021-05-04 06:10:06Z INFO StepsRunner] No need for updating job result with current step result 'Succeeded'.
[2021-05-04 06:10:06Z INFO StepsRunner] Current state: job state = ''
[2021-05-04 06:10:06Z INFO StepsRunner] Processing step: DisplayName='Nuget Security Analysis (auto-injected by policy)', ContinueOnError=False, Enabled=True
[2021-05-04 06:10:06Z INFO ExpressionManager] Evaluating: succeeded()
[2021-05-04 06:10:06Z INFO ExpressionManager] Result: True
[2021-05-04 06:10:06Z INFO StepsRunner] Starting the step.
[2021-05-04 06:10:06Z INFO HostContext] Well known directory 'Bin': 'C:\agent-yifhe\bin'
[2021-05-04 06:10:06Z INFO HostContext] Well known directory 'Root': 'C:\agent-yifhe'
[2021-05-04 06:10:06Z INFO HostContext] Well known directory 'Work': 'C:\agent-yifhe\_work'
[2021-05-04 06:10:06Z INFO StepsRunner] Which: 'chcp'
[2021-05-04 06:10:06Z INFO StepsRunner] Location: 'C:\WINDOWS\system32\chcp.COM'
[2021-05-04 06:10:06Z INFO ProcessInvokerWrapper] Starting process:
[2021-05-04 06:10:06Z INFO ProcessInvokerWrapper]   File name: 'C:\WINDOWS\system32\chcp.COM'
[2021-05-04 06:10:06Z INFO ProcessInvokerWrapper]   Arguments: '65001'
[2021-05-04 06:10:06Z INFO ProcessInvokerWrapper]   Working directory: 'C:\agent-yifhe\_work'
[2021-05-04 06:10:06Z INFO ProcessInvokerWrapper]   Require exit code zero: 'False'
[2021-05-04 06:10:06Z INFO ProcessInvokerWrapper]   Encoding web name:  ; code page: ''
[2021-05-04 06:10:06Z INFO ProcessInvokerWrapper]   Force kill process on cancellation: 'False'
[2021-05-04 06:10:06Z INFO ProcessInvokerWrapper]   Redirected STDIN: 'False'
[2021-05-04 06:10:06Z INFO ProcessInvokerWrapper]   Persist current code page: 'True'
[2021-05-04 06:10:06Z INFO ProcessInvokerWrapper]   Keep redirected STDIN open: 'False'
[2021-05-04 06:10:06Z INFO ProcessInvokerWrapper]   High priority process: 'False'
[2021-05-04 06:10:06Z INFO ProcessInvokerWrapper] OOM score adjustment is Linux-only.
[2021-05-04 06:10:06Z INFO ProcessInvokerWrapper] Process started with process id 23832, waiting for process exit.
[2021-05-04 06:10:06Z INFO ProcessInvokerWrapper] STDOUT/STDERR stream read finished.
[2021-05-04 06:10:06Z INFO ProcessInvokerWrapper] STDOUT/STDERR stream read finished.
[2021-05-04 06:10:06Z INFO ProcessInvokerWrapper] Exited process 23832 with exit code 0
[2021-05-04 06:10:06Z INFO ProcessInvokerWrapper] Finished process 23832 with exit code 0, and elapsed time 00:00:00.0078268.
[2021-05-04 06:10:06Z INFO StepsRunner] Successfully returned to code page 65001 (UTF8)
[2021-05-04 06:10:06Z INFO HostContext] Well known directory 'Bin': 'C:\agent-yifhe\bin'
[2021-05-04 06:10:06Z INFO HostContext] Well known directory 'Root': 'C:\agent-yifhe'
[2021-05-04 06:10:06Z INFO HostContext] Well known directory 'Work': 'C:\agent-yifhe\_work'
[2021-05-04 06:10:06Z INFO HostContext] Well known directory 'Tasks': 'C:\agent-yifhe\_work\_tasks'
[2021-05-04 06:10:06Z INFO HostContext] Well known directory 'Bin': 'C:\agent-yifhe\bin'
[2021-05-04 06:10:06Z INFO HostContext] Well known directory 'Root': 'C:\agent-yifhe'
[2021-05-04 06:10:06Z INFO HostContext] Well known directory 'Work': 'C:\agent-yifhe\_work'
[2021-05-04 06:10:06Z INFO HostContext] Well known directory 'TaskZips': 'C:\agent-yifhe\_work\_taskzips'
[2021-05-04 06:10:06Z INFO TaskManager] Loading task definition 'C:\agent-yifhe\_work\_tasks\nuget-security-analysis_ae214784-0f5e-451f-b615-042bce65d833\0.2.40\task.json'.
[2021-05-04 06:10:06Z INFO TaskRunner] Get handler data for target platform Windows
[2021-05-04 06:10:06Z INFO TaskRunner] Handler data is of type Microsoft.VisualStudio.Services.Agent.Worker.Node10HandlerData
[2021-05-04 06:10:06Z INFO NodeHandler] Inspect node_modules folder, make sure vsts-task-lib doesn't overwrite String.startsWith/endsWith.
[2021-05-04 06:10:06Z INFO NodeHandler] This task has already been scanned and corrected, no more operation needed.
[2021-05-04 06:10:06Z INFO NodeHandler] Task.json has node10 handler data: True, use node10 for node tasks: False
[2021-05-04 06:10:06Z INFO HostContext] Well known directory 'Bin': 'C:\agent-yifhe\bin'
[2021-05-04 06:10:06Z INFO HostContext] Well known directory 'Root': 'C:\agent-yifhe'
[2021-05-04 06:10:06Z INFO HostContext] Well known directory 'Externals': 'C:\agent-yifhe\externals'
[2021-05-04 06:10:06Z INFO ProcessInvokerWrapper] Starting process:
[2021-05-04 06:10:06Z INFO ProcessInvokerWrapper]   File name: 'C:\agent-yifhe\externals\node10\bin\node.exe'
[2021-05-04 06:10:06Z INFO ProcessInvokerWrapper]   Arguments: '"C:\agent-yifhe\_work\_tasks\nuget-security-analysis_ae214784-0f5e-451f-b615-042bce65d833\0.2.40\index.js"'
[2021-05-04 06:10:06Z INFO ProcessInvokerWrapper]   Working directory: 'C:\agent-yifhe\_work\2\s'
[2021-05-04 06:10:06Z INFO ProcessInvokerWrapper]   Require exit code zero: 'True'
[2021-05-04 06:10:06Z INFO ProcessInvokerWrapper]   Encoding web name: utf-8 ; code page: '65001'
[2021-05-04 06:10:06Z INFO ProcessInvokerWrapper]   Force kill process on cancellation: 'False'
[2021-05-04 06:10:06Z INFO ProcessInvokerWrapper]   Redirected STDIN: 'False'
[2021-05-04 06:10:06Z INFO ProcessInvokerWrapper]   Persist current code page: 'True'
[2021-05-04 06:10:06Z INFO ProcessInvokerWrapper]   Keep redirected STDIN open: 'False'
[2021-05-04 06:10:06Z INFO ProcessInvokerWrapper]   High priority process: 'False'
[2021-05-04 06:10:07Z INFO ProcessInvokerWrapper] OOM score adjustment is Linux-only.
[2021-05-04 06:10:07Z INFO ProcessInvokerWrapper] Process started with process id 24060, waiting for process exit.
[2021-05-04 06:10:07Z INFO JobServerQueue] Try to append 1 batches web console lines for record 'cae891a3-73ce-52bf-abe1-94d369a68ecf', success rate: 1/1.
[2021-05-04 06:10:07Z INFO JobServerQueue] Try to upload 1 log files or attachments, success rate: 1/1.
[2021-05-04 06:10:07Z INFO JobServerQueue] Try to append 1 batches web console lines for record 'cae891a3-73ce-52bf-abe1-94d369a68ecf', success rate: 1/1.
[2021-05-04 06:10:07Z INFO JobServerQueue] Try to append 1 batches web console lines for record '0e6b4432-b712-59f6-d720-8ebed5040ec7', success rate: 1/1.
[2021-05-04 06:10:09Z INFO ProcessInvokerWrapper] STDOUT/STDERR stream read finished.
[2021-05-04 06:10:09Z INFO ProcessInvokerWrapper] STDOUT/STDERR stream read finished.
[2021-05-04 06:10:09Z INFO ProcessInvokerWrapper] Exited process 24060 with exit code 0
[2021-05-04 06:10:09Z INFO ProcessInvokerWrapper] Finished process 24060 with exit code 0, and elapsed time 00:00:02.2342079.
[2021-05-04 06:10:09Z INFO StepsRunner] Step result: 
[2021-05-04 06:10:09Z INFO StepsRunner] No need for updating job result with current step result 'Succeeded'.
[2021-05-04 06:10:09Z INFO StepsRunner] Current state: job state = ''
[2021-05-04 06:10:09Z INFO StepsRunner] Processing step: DisplayName='PowerShell', ContinueOnError=False, Enabled=True
[2021-05-04 06:10:09Z INFO ExpressionManager] Evaluating: SucceededNode()
[2021-05-04 06:10:09Z INFO ExpressionManager] Result: True
[2021-05-04 06:10:09Z INFO StepsRunner] Starting the step.
[2021-05-04 06:10:09Z INFO HostContext] Well known directory 'Bin': 'C:\agent-yifhe\bin'
[2021-05-04 06:10:09Z INFO HostContext] Well known directory 'Root': 'C:\agent-yifhe'
[2021-05-04 06:10:09Z INFO HostContext] Well known directory 'Work': 'C:\agent-yifhe\_work'
[2021-05-04 06:10:09Z INFO StepsRunner] Which: 'chcp'
[2021-05-04 06:10:09Z INFO StepsRunner] Location: 'C:\WINDOWS\system32\chcp.COM'
[2021-05-04 06:10:09Z INFO ProcessInvokerWrapper] Starting process:
[2021-05-04 06:10:09Z INFO ProcessInvokerWrapper]   File name: 'C:\WINDOWS\system32\chcp.COM'
[2021-05-04 06:10:09Z INFO ProcessInvokerWrapper]   Arguments: '65001'
[2021-05-04 06:10:09Z INFO ProcessInvokerWrapper]   Working directory: 'C:\agent-yifhe\_work'
[2021-05-04 06:10:09Z INFO ProcessInvokerWrapper]   Require exit code zero: 'False'
[2021-05-04 06:10:09Z INFO ProcessInvokerWrapper]   Encoding web name:  ; code page: ''
[2021-05-04 06:10:09Z INFO ProcessInvokerWrapper]   Force kill process on cancellation: 'False'
[2021-05-04 06:10:09Z INFO ProcessInvokerWrapper]   Redirected STDIN: 'False'
[2021-05-04 06:10:09Z INFO ProcessInvokerWrapper]   Persist current code page: 'True'
[2021-05-04 06:10:09Z INFO ProcessInvokerWrapper]   Keep redirected STDIN open: 'False'
[2021-05-04 06:10:09Z INFO ProcessInvokerWrapper]   High priority process: 'False'
[2021-05-04 06:10:09Z INFO ProcessInvokerWrapper] OOM score adjustment is Linux-only.
[2021-05-04 06:10:09Z INFO ProcessInvokerWrapper] Process started with process id 21280, waiting for process exit.
[2021-05-04 06:10:09Z INFO ProcessInvokerWrapper] STDOUT/STDERR stream read finished.
[2021-05-04 06:10:09Z INFO ProcessInvokerWrapper] STDOUT/STDERR stream read finished.
[2021-05-04 06:10:09Z INFO ProcessInvokerWrapper] Exited process 21280 with exit code 0
[2021-05-04 06:10:09Z INFO ProcessInvokerWrapper] Finished process 21280 with exit code 0, and elapsed time 00:00:00.0071685.
[2021-05-04 06:10:09Z INFO StepsRunner] Successfully returned to code page 65001 (UTF8)
[2021-05-04 06:10:09Z INFO HostContext] Well known directory 'Bin': 'C:\agent-yifhe\bin'
[2021-05-04 06:10:09Z INFO HostContext] Well known directory 'Root': 'C:\agent-yifhe'
[2021-05-04 06:10:09Z INFO HostContext] Well known directory 'Work': 'C:\agent-yifhe\_work'
[2021-05-04 06:10:09Z INFO HostContext] Well known directory 'Tasks': 'C:\agent-yifhe\_work\_tasks'
[2021-05-04 06:10:09Z INFO HostContext] Well known directory 'Bin': 'C:\agent-yifhe\bin'
[2021-05-04 06:10:09Z INFO HostContext] Well known directory 'Root': 'C:\agent-yifhe'
[2021-05-04 06:10:09Z INFO HostContext] Well known directory 'Work': 'C:\agent-yifhe\_work'
[2021-05-04 06:10:09Z INFO HostContext] Well known directory 'TaskZips': 'C:\agent-yifhe\_work\_taskzips'
[2021-05-04 06:10:09Z INFO TaskManager] Loading task definition 'C:\agent-yifhe\_work\_tasks\PowerShell_e213ff0f-5d5c-4791-802d-52ea3e7be1f1\2.180.1\task.json'.
[2021-05-04 06:10:09Z INFO TaskRunner] Get handler data for target platform Windows
[2021-05-04 06:10:09Z INFO TaskRunner] Handler data is of type Microsoft.VisualStudio.Services.Agent.Worker.PowerShell3HandlerData
[2021-05-04 06:10:09Z INFO ExtensionManager] Getting extensions for interface: 'Microsoft.VisualStudio.Services.Agent.Worker.IJobExtension'
[2021-05-04 06:10:09Z INFO ExtensionManager] Getting extensions for interface: 'Microsoft.VisualStudio.Services.Agent.Worker.Build.ISourceProvider'
[2021-05-04 06:10:09Z INFO BuildJobExtension] Build JobExtension resolving path use source provide: 
[2021-05-04 06:10:09Z INFO BuildJobExtension] The Default Path Root of Build JobExtension is repository.path: C:\agent-yifhe\_work\2\s
[2021-05-04 06:10:09Z INFO BuildJobExtension] After prefix Default Path Root provide by JobExtension: C:\agent-yifhe\_work\2\s
[2021-05-04 06:10:09Z INFO BuildJobExtension] Return absolute path after prefix DefaultPathRoot: C:\agent-yifhe\_work\2\s
[2021-05-04 06:10:09Z INFO TaskRunner] Build JobExtension resolved a rooted path:: C:\agent-yifhe\_work\2\s
[2021-05-04 06:10:09Z INFO ExtensionManager] Getting extensions for interface: 'Microsoft.VisualStudio.Services.Agent.Worker.IJobExtension'
[2021-05-04 06:10:09Z INFO ExtensionManager] Getting extensions for interface: 'Microsoft.VisualStudio.Services.Agent.Worker.Build.ISourceProvider'
[2021-05-04 06:10:09Z INFO BuildJobExtension] Build JobExtension resolving path use source provide: 
[2021-05-04 06:10:09Z INFO BuildJobExtension] The Default Path Root of Build JobExtension is repository.path: C:\agent-yifhe\_work\2\s
[2021-05-04 06:10:09Z INFO BuildJobExtension] After prefix Default Path Root provide by JobExtension: C:\agent-yifhe\_work\2\s
[2021-05-04 06:10:09Z INFO BuildJobExtension] Return absolute path after prefix DefaultPathRoot: C:\agent-yifhe\_work\2\s
[2021-05-04 06:10:09Z INFO TaskRunner] Build JobExtension resolved a rooted path:: C:\agent-yifhe\_work\2\s
[2021-05-04 06:10:09Z INFO PowerShellExeUtil] Generation: '1'
[2021-05-04 06:10:09Z INFO PowerShellExeUtil] Key name 'HKEY_LOCAL_MACHINE\SOFTWARE\Microsoft\PowerShell\1\PowerShellEngine', value name 'PowerShellVersion': '2.0'
[2021-05-04 06:10:09Z INFO PowerShellExeUtil] Unsupported version. Skipping.
[2021-05-04 06:10:09Z INFO PowerShellExeUtil] Generation: '3'
[2021-05-04 06:10:09Z INFO PowerShellExeUtil] Key name 'HKEY_LOCAL_MACHINE\SOFTWARE\Microsoft\PowerShell\3\PowerShellEngine', value name 'PowerShellVersion': '5.1.19041.1'
[2021-05-04 06:10:09Z INFO PowerShellExeUtil] Key name 'HKEY_LOCAL_MACHINE\SOFTWARE\Microsoft\PowerShell\3\PowerShellEngine', value name 'ApplicationBase': 'C:\Windows\System32\WindowsPowerShell\v1.0'
[2021-05-04 06:10:09Z INFO ProcessInvokerWrapper] Starting process:
[2021-05-04 06:10:09Z INFO ProcessInvokerWrapper]   File name: 'C:\Windows\System32\WindowsPowerShell\v1.0\powershell.exe'
[2021-05-04 06:10:09Z INFO ProcessInvokerWrapper]   Arguments: '-NoLogo -Sta -NoProfile -NonInteractive -ExecutionPolicy Unrestricted -Command ". ([scriptblock]::Create('if ([Console]::InputEncoding -is [Text.UTF8Encoding] -and [Console]::InputEncoding.GetPreamble().Length -ne 0) { [Console]::InputEncoding = New-Object Text.UTF8Encoding $false } if (!$PSHOME) { $null = Get-Item -LiteralPath ''variable:PSHOME'' } else { Import-Module -Name ([System.IO.Path]::Combine($PSHOME, ''Modules\Microsoft.PowerShell.Management\Microsoft.PowerShell.Management.psd1'')) ; Import-Module -Name ([System.IO.Path]::Combine($PSHOME, ''Modules\Microsoft.PowerShell.Utility\Microsoft.PowerShell.Utility.psd1'')) }')) 2>&1 | ForEach-Object { Write-Verbose $_.Exception.Message -Verbose } ; Import-Module -Name 'C:\agent-yifhe\_work\_tasks\PowerShell_e213ff0f-5d5c-4791-802d-52ea3e7be1f1\2.180.1\ps_modules\VstsTaskSdk\VstsTaskSdk.psd1' -ArgumentList @{ NonInteractive = $true } -ErrorAction Stop ; $VerbosePreference = 'SilentlyContinue' ; $DebugPreference = 'SilentlyContinue' ; Invoke-VstsTaskScript -ScriptBlock ([scriptblock]::Create('. ''C:\agent-yifhe\_work\_tasks\PowerShell_e213ff0f-5d5c-4791-802d-52ea3e7be1f1\2.180.1\powershell.ps1'''))"'
[2021-05-04 06:10:09Z INFO ProcessInvokerWrapper]   Working directory: 'C:\agent-yifhe\_work\_tasks\PowerShell_e213ff0f-5d5c-4791-802d-52ea3e7be1f1\2.180.1'
[2021-05-04 06:10:09Z INFO ProcessInvokerWrapper]   Require exit code zero: 'True'
[2021-05-04 06:10:09Z INFO ProcessInvokerWrapper]   Encoding web name:  ; code page: ''
[2021-05-04 06:10:09Z INFO ProcessInvokerWrapper]   Force kill process on cancellation: 'False'
[2021-05-04 06:10:09Z INFO ProcessInvokerWrapper]   Redirected STDIN: 'False'
[2021-05-04 06:10:09Z INFO ProcessInvokerWrapper]   Persist current code page: 'True'
[2021-05-04 06:10:09Z INFO ProcessInvokerWrapper]   Keep redirected STDIN open: 'False'
[2021-05-04 06:10:09Z INFO ProcessInvokerWrapper]   High priority process: 'False'
[2021-05-04 06:10:09Z INFO ProcessInvokerWrapper] OOM score adjustment is Linux-only.
[2021-05-04 06:10:09Z INFO ProcessInvokerWrapper] Process started with process id 23492, waiting for process exit.
[2021-05-04 06:10:09Z INFO JobServerQueue] Try to upload 1 log files or attachments, success rate: 1/1.
[2021-05-04 06:10:09Z INFO JobServerQueue] Try to append 1 batches web console lines for record '0e6b4432-b712-59f6-d720-8ebed5040ec7', success rate: 1/1.
[2021-05-04 06:10:09Z INFO JobServerQueue] Try to append 1 batches web console lines for record '46342e7c-b168-5756-b528-2829402b55e9', success rate: 1/1.
[2021-05-04 06:10:10Z INFO JobServerQueue] Try to append 1 batches web console lines for record '46342e7c-b168-5756-b528-2829402b55e9', success rate: 1/1.
[2021-05-04 06:10:11Z INFO JobServerQueue] Try to upload 1 log files or attachments, success rate: 1/1.
[2021-05-04 06:10:25Z INFO ProcessInvokerWrapper] STDOUT/STDERR stream read finished.
[2021-05-04 06:10:25Z INFO ProcessInvokerWrapper] STDOUT/STDERR stream read finished.
[2021-05-04 06:10:25Z INFO ProcessInvokerWrapper] Exited process 23492 with exit code 0
[2021-05-04 06:10:25Z INFO ProcessInvokerWrapper] Finished process 23492 with exit code 0, and elapsed time 00:00:16.2310992.
[2021-05-04 06:10:25Z INFO StepsRunner] Step result: 
[2021-05-04 06:10:25Z INFO StepsRunner] No need for updating job result with current step result 'Succeeded'.
[2021-05-04 06:10:25Z INFO StepsRunner] Current state: job state = ''
[2021-05-04 06:10:25Z INFO StepsRunner] Processing step: DisplayName='Component Detection (auto-injected by policy)', ContinueOnError=True, Enabled=True
[2021-05-04 06:10:25Z INFO ExpressionManager] Evaluating: and(succeeded(), ne(variables['CG_RAN'], 'true'))
[2021-05-04 06:10:25Z INFO ExpressionManager] Expanded: and(True, ne(Null, 'true'))
[2021-05-04 06:10:25Z INFO ExpressionManager] Result: True
[2021-05-04 06:10:25Z INFO StepsRunner] Starting the step.
[2021-05-04 06:10:25Z INFO HostContext] Well known directory 'Bin': 'C:\agent-yifhe\bin'
[2021-05-04 06:10:25Z INFO HostContext] Well known directory 'Root': 'C:\agent-yifhe'
[2021-05-04 06:10:25Z INFO HostContext] Well known directory 'Work': 'C:\agent-yifhe\_work'
[2021-05-04 06:10:25Z INFO StepsRunner] Which: 'chcp'
[2021-05-04 06:10:25Z INFO StepsRunner] Location: 'C:\WINDOWS\system32\chcp.COM'
[2021-05-04 06:10:25Z INFO ProcessInvokerWrapper] Starting process:
[2021-05-04 06:10:25Z INFO ProcessInvokerWrapper]   File name: 'C:\WINDOWS\system32\chcp.COM'
[2021-05-04 06:10:25Z INFO ProcessInvokerWrapper]   Arguments: '65001'
[2021-05-04 06:10:25Z INFO ProcessInvokerWrapper]   Working directory: 'C:\agent-yifhe\_work'
[2021-05-04 06:10:25Z INFO ProcessInvokerWrapper]   Require exit code zero: 'False'
[2021-05-04 06:10:25Z INFO ProcessInvokerWrapper]   Encoding web name:  ; code page: ''
[2021-05-04 06:10:25Z INFO ProcessInvokerWrapper]   Force kill process on cancellation: 'False'
[2021-05-04 06:10:25Z INFO ProcessInvokerWrapper]   Redirected STDIN: 'False'
[2021-05-04 06:10:25Z INFO ProcessInvokerWrapper]   Persist current code page: 'True'
[2021-05-04 06:10:25Z INFO ProcessInvokerWrapper]   Keep redirected STDIN open: 'False'
[2021-05-04 06:10:25Z INFO ProcessInvokerWrapper]   High priority process: 'False'
[2021-05-04 06:10:25Z INFO ProcessInvokerWrapper] OOM score adjustment is Linux-only.
[2021-05-04 06:10:25Z INFO ProcessInvokerWrapper] Process started with process id 10260, waiting for process exit.
[2021-05-04 06:10:25Z INFO ProcessInvokerWrapper] STDOUT/STDERR stream read finished.
[2021-05-04 06:10:25Z INFO ProcessInvokerWrapper] STDOUT/STDERR stream read finished.
[2021-05-04 06:10:25Z INFO ProcessInvokerWrapper] Exited process 10260 with exit code 0
[2021-05-04 06:10:25Z INFO ProcessInvokerWrapper] Finished process 10260 with exit code 0, and elapsed time 00:00:00.0129062.
[2021-05-04 06:10:25Z INFO StepsRunner] Successfully returned to code page 65001 (UTF8)
[2021-05-04 06:10:25Z INFO HostContext] Well known directory 'Bin': 'C:\agent-yifhe\bin'
[2021-05-04 06:10:25Z INFO HostContext] Well known directory 'Root': 'C:\agent-yifhe'
[2021-05-04 06:10:25Z INFO HostContext] Well known directory 'Work': 'C:\agent-yifhe\_work'
[2021-05-04 06:10:25Z INFO HostContext] Well known directory 'Tasks': 'C:\agent-yifhe\_work\_tasks'
[2021-05-04 06:10:25Z INFO HostContext] Well known directory 'Bin': 'C:\agent-yifhe\bin'
[2021-05-04 06:10:25Z INFO HostContext] Well known directory 'Root': 'C:\agent-yifhe'
[2021-05-04 06:10:25Z INFO HostContext] Well known directory 'Work': 'C:\agent-yifhe\_work'
[2021-05-04 06:10:25Z INFO HostContext] Well known directory 'TaskZips': 'C:\agent-yifhe\_work\_taskzips'
[2021-05-04 06:10:25Z INFO TaskManager] Loading task definition 'C:\agent-yifhe\_work\_tasks\ComponentGovernanceComponentDetection_f2f0881f-4b99-4a1c-80ea-f5b13fd6cec4\0.2120428.1\task.json'.
[2021-05-04 06:10:25Z INFO TaskRunner] Get handler data for target platform Windows
[2021-05-04 06:10:25Z INFO TaskRunner] Handler data is of type Microsoft.VisualStudio.Services.Agent.Worker.NodeHandlerData
[2021-05-04 06:10:25Z INFO NodeHandler] Inspect node_modules folder, make sure vsts-task-lib doesn't overwrite String.startsWith/endsWith.
[2021-05-04 06:10:25Z INFO NodeHandler] This task has already been scanned and corrected, no more operation needed.
[2021-05-04 06:10:25Z INFO HostContext] Well known directory 'Bin': 'C:\agent-yifhe\bin'
[2021-05-04 06:10:25Z INFO HostContext] Well known directory 'Root': 'C:\agent-yifhe'
[2021-05-04 06:10:25Z INFO HostContext] Well known directory 'Externals': 'C:\agent-yifhe\externals'
[2021-05-04 06:10:25Z INFO ProcessInvokerWrapper] Starting process:
[2021-05-04 06:10:25Z INFO ProcessInvokerWrapper]   File name: 'C:\agent-yifhe\externals\node\bin\node.exe'
[2021-05-04 06:10:25Z INFO ProcessInvokerWrapper]   Arguments: '"C:\agent-yifhe\_work\_tasks\ComponentGovernanceComponentDetection_f2f0881f-4b99-4a1c-80ea-f5b13fd6cec4\0.2120428.1\componentdetection.js"'
[2021-05-04 06:10:25Z INFO ProcessInvokerWrapper]   Working directory: 'C:\agent-yifhe\_work\2\s'
[2021-05-04 06:10:25Z INFO ProcessInvokerWrapper]   Require exit code zero: 'True'
[2021-05-04 06:10:25Z INFO ProcessInvokerWrapper]   Encoding web name: utf-8 ; code page: '65001'
[2021-05-04 06:10:25Z INFO ProcessInvokerWrapper]   Force kill process on cancellation: 'False'
[2021-05-04 06:10:25Z INFO ProcessInvokerWrapper]   Redirected STDIN: 'False'
[2021-05-04 06:10:25Z INFO ProcessInvokerWrapper]   Persist current code page: 'True'
[2021-05-04 06:10:25Z INFO ProcessInvokerWrapper]   Keep redirected STDIN open: 'False'
[2021-05-04 06:10:25Z INFO ProcessInvokerWrapper]   High priority process: 'False'
[2021-05-04 06:10:25Z INFO ProcessInvokerWrapper] OOM score adjustment is Linux-only.
[2021-05-04 06:10:25Z INFO ProcessInvokerWrapper] Process started with process id 22692, waiting for process exit.
[2021-05-04 06:10:25Z INFO JobServerQueue] Try to append 1 batches web console lines for record '46342e7c-b168-5756-b528-2829402b55e9', success rate: 1/1.
[2021-05-04 06:10:26Z INFO JobServerQueue] Try to append 1 batches web console lines for record 'ec951bf4-9bc7-5f26-a7dc-2f0c1526194c', success rate: 1/1.
[2021-05-04 06:10:26Z INFO JobServerQueue] Try to append 1 batches web console lines for record 'ec951bf4-9bc7-5f26-a7dc-2f0c1526194c', success rate: 1/1.
[2021-05-04 06:10:26Z INFO JobServerQueue] Try to upload 1 log files or attachments, success rate: 1/1.
[2021-05-04 06:10:27Z INFO JobServerQueue] Try to append 1 batches web console lines for record 'ec951bf4-9bc7-5f26-a7dc-2f0c1526194c', success rate: 1/1.
[2021-05-04 06:10:27Z INFO JobServerQueue] Try to append 1 batches web console lines for record 'ec951bf4-9bc7-5f26-a7dc-2f0c1526194c', success rate: 1/1.
[2021-05-04 06:10:28Z INFO JobServerQueue] Try to append 1 batches web console lines for record 'ec951bf4-9bc7-5f26-a7dc-2f0c1526194c', success rate: 1/1.
[2021-05-04 06:10:28Z INFO JobServerQueue] Try to append 1 batches web console lines for record 'ec951bf4-9bc7-5f26-a7dc-2f0c1526194c', success rate: 1/1.
[2021-05-04 06:10:29Z INFO JobServerQueue] Try to append 1 batches web console lines for record 'ec951bf4-9bc7-5f26-a7dc-2f0c1526194c', success rate: 1/1.
[2021-05-04 06:10:30Z INFO JobServerQueue] Try to append 1 batches web console lines for record 'ec951bf4-9bc7-5f26-a7dc-2f0c1526194c', success rate: 1/1.
[2021-05-04 06:10:30Z INFO JobServerQueue] Try to append 1 batches web console lines for record 'ec951bf4-9bc7-5f26-a7dc-2f0c1526194c', success rate: 1/1.
[2021-05-04 06:10:31Z INFO JobServerQueue] Try to append 1 batches web console lines for record 'ec951bf4-9bc7-5f26-a7dc-2f0c1526194c', success rate: 1/1.
[2021-05-04 06:10:32Z INFO JobServerQueue] Try to append 1 batches web console lines for record 'ec951bf4-9bc7-5f26-a7dc-2f0c1526194c', success rate: 1/1.
[2021-05-04 06:10:33Z INFO JobServerQueue] Try to append 1 batches web console lines for record 'ec951bf4-9bc7-5f26-a7dc-2f0c1526194c', success rate: 1/1.
[2021-05-04 06:10:35Z INFO JobServerQueue] Try to append 1 batches web console lines for record 'ec951bf4-9bc7-5f26-a7dc-2f0c1526194c', success rate: 1/1.
[2021-05-04 06:10:35Z INFO ProcessInvokerWrapper] STDOUT/STDERR stream read finished.
[2021-05-04 06:10:35Z INFO ProcessInvokerWrapper] STDOUT/STDERR stream read finished.
[2021-05-04 06:10:35Z INFO ProcessInvokerWrapper] Exited process 22692 with exit code 0
[2021-05-04 06:10:35Z INFO ProcessInvokerWrapper] Finished process 22692 with exit code 0, and elapsed time 00:00:10.4653618.
[2021-05-04 06:10:35Z INFO StepsRunner] Step result: 
[2021-05-04 06:10:35Z INFO StepsRunner] No need for updating job result with current step result 'Succeeded'.
[2021-05-04 06:10:35Z INFO StepsRunner] Current state: job state = ''
[2021-05-04 06:10:35Z INFO StepsRunner] Processing step: DisplayName='Checkout job@main to s', ContinueOnError=False, Enabled=True
[2021-05-04 06:10:36Z INFO ExpressionManager] Evaluating: AlwaysNode()
[2021-05-04 06:10:36Z INFO ExpressionManager] Result: True
[2021-05-04 06:10:36Z INFO StepsRunner] Starting the step.
[2021-05-04 06:10:36Z INFO HostContext] Well known directory 'Bin': 'C:\agent-yifhe\bin'
[2021-05-04 06:10:36Z INFO HostContext] Well known directory 'Root': 'C:\agent-yifhe'
[2021-05-04 06:10:36Z INFO HostContext] Well known directory 'Work': 'C:\agent-yifhe\_work'
[2021-05-04 06:10:36Z INFO StepsRunner] Which: 'chcp'
[2021-05-04 06:10:36Z INFO StepsRunner] Location: 'C:\WINDOWS\system32\chcp.COM'
[2021-05-04 06:10:36Z INFO ProcessInvokerWrapper] Starting process:
[2021-05-04 06:10:36Z INFO ProcessInvokerWrapper]   File name: 'C:\WINDOWS\system32\chcp.COM'
[2021-05-04 06:10:36Z INFO ProcessInvokerWrapper]   Arguments: '65001'
[2021-05-04 06:10:36Z INFO ProcessInvokerWrapper]   Working directory: 'C:\agent-yifhe\_work'
[2021-05-04 06:10:36Z INFO ProcessInvokerWrapper]   Require exit code zero: 'False'
[2021-05-04 06:10:36Z INFO ProcessInvokerWrapper]   Encoding web name:  ; code page: ''
[2021-05-04 06:10:36Z INFO ProcessInvokerWrapper]   Force kill process on cancellation: 'False'
[2021-05-04 06:10:36Z INFO ProcessInvokerWrapper]   Redirected STDIN: 'False'
[2021-05-04 06:10:36Z INFO ProcessInvokerWrapper]   Persist current code page: 'True'
[2021-05-04 06:10:36Z INFO ProcessInvokerWrapper]   Keep redirected STDIN open: 'False'
[2021-05-04 06:10:36Z INFO ProcessInvokerWrapper]   High priority process: 'False'
[2021-05-04 06:10:36Z INFO ProcessInvokerWrapper] OOM score adjustment is Linux-only.
[2021-05-04 06:10:36Z INFO ProcessInvokerWrapper] Process started with process id 31056, waiting for process exit.
[2021-05-04 06:10:36Z INFO ProcessInvokerWrapper] STDOUT/STDERR stream read finished.
[2021-05-04 06:10:36Z INFO ProcessInvokerWrapper] STDOUT/STDERR stream read finished.
[2021-05-04 06:10:36Z INFO ProcessInvokerWrapper] Exited process 31056 with exit code 0
[2021-05-04 06:10:36Z INFO ProcessInvokerWrapper] Finished process 31056 with exit code 0, and elapsed time 00:00:00.1043896.
[2021-05-04 06:10:36Z INFO StepsRunner] Successfully returned to code page 65001 (UTF8)
[2021-05-04 06:10:36Z INFO HostContext] Well known directory 'Bin': 'C:\agent-yifhe\bin'
[2021-05-04 06:10:36Z INFO HostContext] Well known directory 'Root': 'C:\agent-yifhe'
[2021-05-04 06:10:36Z INFO HostContext] Well known directory 'Work': 'C:\agent-yifhe\_work'
[2021-05-04 06:10:36Z INFO HostContext] Well known directory 'Tasks': 'C:\agent-yifhe\_work\_tasks'
[2021-05-04 06:10:36Z INFO TaskRunner] Get handler data for target platform Windows
[2021-05-04 06:10:36Z INFO TaskRunner] Handler data is of type Microsoft.VisualStudio.Services.Agent.Worker.AgentPluginHandlerData
[2021-05-04 06:10:36Z INFO WorkerCommandManager] Enable plugin internal command extension.
[2021-05-04 06:10:36Z INFO HostContext] Well known directory 'Bin': 'C:\agent-yifhe\bin'
[2021-05-04 06:10:36Z INFO HostContext] Well known directory 'Root': 'C:\agent-yifhe'
[2021-05-04 06:10:36Z INFO HostContext] Well known directory 'Work': 'C:\agent-yifhe\_work'
[2021-05-04 06:10:36Z INFO HostContext] Well known directory 'Bin': 'C:\agent-yifhe\bin'
[2021-05-04 06:10:36Z INFO ProcessInvokerWrapper] Starting process:
[2021-05-04 06:10:36Z INFO ProcessInvokerWrapper]   File name: 'C:\agent-yifhe\bin\Agent.PluginHost.exe'
[2021-05-04 06:10:36Z INFO ProcessInvokerWrapper]   Arguments: 'task "Agent.Plugins.Repository.CleanupTask, Agent.Plugins"'
[2021-05-04 06:10:36Z INFO ProcessInvokerWrapper]   Working directory: 'C:\agent-yifhe\_work'
[2021-05-04 06:10:36Z INFO ProcessInvokerWrapper]   Require exit code zero: 'True'
[2021-05-04 06:10:36Z INFO ProcessInvokerWrapper]   Encoding web name: utf-8 ; code page: '65001'
[2021-05-04 06:10:36Z INFO ProcessInvokerWrapper]   Force kill process on cancellation: 'False'
[2021-05-04 06:10:36Z INFO ProcessInvokerWrapper]   Redirected STDIN: 'True'
[2021-05-04 06:10:36Z INFO ProcessInvokerWrapper]   Persist current code page: 'False'
[2021-05-04 06:10:36Z INFO ProcessInvokerWrapper]   Keep redirected STDIN open: 'False'
[2021-05-04 06:10:36Z INFO ProcessInvokerWrapper]   High priority process: 'False'
[2021-05-04 06:10:36Z INFO ProcessInvokerWrapper] OOM score adjustment is Linux-only.
[2021-05-04 06:10:36Z INFO ProcessInvokerWrapper] Process started with process id 21744, waiting for process exit.
[2021-05-04 06:10:36Z INFO ProcessInvokerWrapper] Close STDIN after the first redirect finished.
[2021-05-04 06:10:36Z INFO ProcessInvokerWrapper] STDIN stream write finished.
[2021-05-04 06:10:36Z INFO JobServerQueue] Try to append 1 batches web console lines for record 'ec951bf4-9bc7-5f26-a7dc-2f0c1526194c', success rate: 1/1.
[2021-05-04 06:10:36Z INFO ProcessInvokerWrapper] STDOUT/STDERR stream read finished.
[2021-05-04 06:10:36Z INFO ProcessInvokerWrapper] STDOUT/STDERR stream read finished.
[2021-05-04 06:10:36Z INFO ProcessInvokerWrapper] Exited process 21744 with exit code 0
[2021-05-04 06:10:36Z INFO ProcessInvokerWrapper] Finished process 21744 with exit code 0, and elapsed time 00:00:00.3030989.
[2021-05-04 06:10:36Z INFO WorkerCommandManager] Disable plugin internal command extension.
[2021-05-04 06:10:36Z INFO StepsRunner] Step result: 
[2021-05-04 06:10:36Z INFO StepsRunner] No need for updating job result with current step result 'Succeeded'.
[2021-05-04 06:10:36Z INFO StepsRunner] Current state: job state = ''
[2021-05-04 06:10:36Z INFO JobRunner] Finalize job.
[2021-05-04 06:10:36Z INFO HostContext] Well known directory 'Bin': 'C:\agent-yifhe\bin'
[2021-05-04 06:10:36Z INFO HostContext] Well known directory 'Root': 'C:\agent-yifhe'
[2021-05-04 06:10:36Z INFO HostContext] Well known directory 'Diag': 'C:\agent-yifhe\_diag'
[2021-05-04 06:10:36Z INFO HostContext] Well known directory 'Bin': 'C:\agent-yifhe\bin'
[2021-05-04 06:10:36Z INFO HostContext] Well known directory 'Root': 'C:\agent-yifhe'
[2021-05-04 06:10:36Z INFO HostContext] Well known directory 'Work': 'C:\agent-yifhe\_work'
[2021-05-04 06:10:36Z INFO BuildJobExtension] Total accessible running process: 241.
[2021-05-04 06:10:36Z INFO BuildJobExtension] Inspecting process environment variables. PID: 11500 (chrome)
[2021-05-04 06:10:36Z INFO BuildJobExtension] Inspecting process environment variables. PID: 32920 (chrome)
[2021-05-04 06:10:36Z INFO BuildJobExtension] Inspecting process environment variables. PID: 33968 (chrome)
[2021-05-04 06:10:36Z INFO BuildJobExtension] Inspecting process environment variables. PID: 23164 (chrome)
[2021-05-04 06:10:36Z INFO BuildJobExtension] Inspecting process environment variables. PID: 1188 (audiodg)
[2021-05-04 06:10:36Z WARN BuildJobExtension] Ignore exception during read process environment variables: Access is denied.
[2021-05-04 06:10:36Z INFO BuildJobExtension] Inspecting process environment variables. PID: 1260 (chrome)
[2021-05-04 06:10:36Z INFO JobRunner] Job result after all job steps finish: Succeeded
[2021-05-04 06:10:36Z INFO JobRunner] Completing the job execution context.
[2021-05-04 06:10:36Z INFO JobRunner] Shutting down the job server queue.
[2021-05-04 06:10:36Z INFO JobServerQueue] Fire signal to shutdown all queues.
[2021-05-04 06:10:36Z INFO JobServerQueue] Try to append 1 batches web console lines for record 'b44a12cd-ca5c-4a2a-ba62-aa58161939ed', success rate: 1/1.
[2021-05-04 06:10:36Z INFO JobServerQueue] Try to upload 6 log files or attachments, success rate: 6/6.
[2021-05-04 06:10:37Z INFO JobServerQueue] All queue process task stopped.
[2021-05-04 06:10:37Z INFO JobServerQueue] Try to append 1 batches web console lines for record 'b44a12cd-ca5c-4a2a-ba62-aa58161939ed', success rate: 1/1.
[2021-05-04 06:10:38Z INFO JobServerQueue] Try to append 1 batches web console lines for record '8ddd54c6-6f12-4094-a415-e18eb2a6861e', success rate: 1/1.
[2021-05-04 06:10:38Z INFO JobServerQueue] Try to append 1 batches web console lines for record '50b81f0f-a480-53ae-ce70-374da4ba2bea', success rate: 1/1.
[2021-05-04 06:10:38Z INFO JobServerQueue] Web console line queue drained.
[2021-05-04 06:10:38Z INFO JobServerQueue] Uploading 4 files in one shot.
[2021-05-04 06:10:41Z INFO JobServerQueue] Try to upload 4 log files or attachments, success rate: 4/4.
[2021-05-04 06:10:41Z INFO JobServerQueue] File upload queue drained.
[2021-05-04 06:10:42Z INFO JobServerQueue] Timeline update queue drained.
[2021-05-04 06:10:42Z INFO JobServerQueue] All queue process tasks have been stopped, and all queues are drained.
[2021-05-04 06:10:42Z INFO TempDirectoryManager] Cleaning agent temp folder: C:\agent-yifhe\_work\_temp
[2021-05-04 06:10:42Z INFO JobRunner] Raising job completed event.
[2021-05-04 06:10:42Z INFO Worker] Job completed.
